   0.389750E+02   0.820000E+00   0.387005E+01   0.210829E+00   0.340470E+00   0.255057E+00   0.295399E+00   0.348679E+00   0.261163E+00   0.302506E+00   0.349225E+00   0.260778E+00   0.302647E+00   0.175204E+00   0.391812E-01
   0.389750E+02   0.840000E+00   0.396444E+01   0.216414E+00   0.338191E+00   0.251240E+00   0.292386E+00   0.346388E+00   0.257286E+00   0.299451E+00   0.347058E+00   0.256970E+00   0.299687E+00   0.170936E+00   0.390631E-01
   0.389750E+02   0.860000E+00   0.405884E+01   0.222021E+00   0.335783E+00   0.247399E+00   0.289272E+00   0.343950E+00   0.253372E+00   0.296280E+00   0.344742E+00   0.253126E+00   0.296609E+00   0.166832E+00   0.389523E-01
   0.389750E+02   0.880000E+00   0.415323E+01   0.227652E+00   0.333248E+00   0.243536E+00   0.286055E+00   0.341369E+00   0.249427E+00   0.292990E+00   0.342278E+00   0.249250E+00   0.293411E+00   0.162885E+00   0.388490E-01
   0.389750E+02   0.900000E+00   0.424762E+01   0.233306E+00   0.330588E+00   0.239658E+00   0.282751E+00   0.338646E+00   0.245455E+00   0.289601E+00   0.339668E+00   0.245344E+00   0.290109E+00   0.159089E+00   0.387535E-01
   0.389750E+02   0.920000E+00   0.434201E+01   0.238983E+00   0.327775E+00   0.235752E+00   0.279340E+00   0.335767E+00   0.241456E+00   0.286102E+00   0.336903E+00   0.241413E+00   0.286698E+00   0.155439E+00   0.386659E-01
   0.389750E+02   0.940000E+00   0.443640E+01   0.244684E+00   0.324758E+00   0.231793E+00   0.275783E+00   0.332709E+00   0.237426E+00   0.282480E+00   0.333973E+00   0.237456E+00   0.283173E+00   0.151927E+00   0.385863E-01
   0.389750E+02   0.960000E+00   0.453079E+01   0.250408E+00   0.321621E+00   0.227829E+00   0.272166E+00   0.329515E+00   0.233381E+00   0.278786E+00   0.330904E+00   0.233483E+00   0.279574E+00   0.148549E+00   0.385147E-01
   0.389750E+02   0.980000E+00   0.462519E+01   0.256156E+00   0.318365E+00   0.223859E+00   0.268511E+00   0.326189E+00   0.229322E+00   0.275043E+00   0.327699E+00   0.229494E+00   0.275922E+00   0.145299E+00   0.384509E-01
   0.389750E+02   0.100000E+01   0.471958E+01   0.261928E+00   0.314992E+00   0.219887E+00   0.264855E+00   0.322729E+00   0.225252E+00   0.271288E+00   0.324357E+00   0.225491E+00   0.272255E+00   0.142171E+00   0.383948E-01
   0.389750E+02   0.102000E+01   0.481397E+01   0.267725E+00   0.311507E+00   0.215913E+00   0.261154E+00   0.319143E+00   0.221172E+00   0.267478E+00   0.320884E+00   0.221474E+00   0.268527E+00   0.139160E+00   0.383462E-01
   0.389750E+02   0.104000E+01   0.490836E+01   0.273545E+00   0.307913E+00   0.211936E+00   0.257397E+00   0.315435E+00   0.217081E+00   0.263602E+00   0.317282E+00   0.217443E+00   0.264728E+00   0.136261E+00   0.383049E-01
   0.389750E+02   0.106000E+01   0.500275E+01   0.279390E+00   0.304213E+00   0.207958E+00   0.253545E+00   0.311607E+00   0.212982E+00   0.259619E+00   0.313552E+00   0.213398E+00   0.260816E+00   0.133470E+00   0.382707E-01
   0.389750E+02   0.108000E+01   0.509714E+01   0.285259E+00   0.300412E+00   0.203979E+00   0.249629E+00   0.307665E+00   0.208874E+00   0.255562E+00   0.309701E+00   0.209340E+00   0.256824E+00   0.130782E+00   0.382432E-01
   0.389750E+02   0.110000E+01   0.519153E+01   0.291153E+00   0.296513E+00   0.199998E+00   0.245657E+00   0.303612E+00   0.204759E+00   0.251440E+00   0.305732E+00   0.205268E+00   0.252760E+00   0.128192E+00   0.382222E-01
   0.389750E+02   0.112000E+01   0.528593E+01   0.297072E+00   0.292520E+00   0.196017E+00   0.241638E+00   0.299452E+00   0.200636E+00   0.247262E+00   0.301649E+00   0.201182E+00   0.248633E+00   0.125696E+00   0.382075E-01
   0.389750E+02   0.114000E+01   0.538032E+01   0.303016E+00   0.288436E+00   0.192035E+00   0.237577E+00   0.295190E+00   0.196507E+00   0.243034E+00   0.297456E+00   0.197084E+00   0.244447E+00   0.123290E+00   0.381986E-01
   0.389750E+02   0.116000E+01   0.547471E+01   0.308986E+00   0.284267E+00   0.188052E+00   0.233479E+00   0.290832E+00   0.192372E+00   0.238761E+00   0.293158E+00   0.192973E+00   0.240210E+00   0.120971E+00   0.381954E-01
   0.389750E+02   0.118000E+01   0.556910E+01   0.314980E+00   0.280016E+00   0.184069E+00   0.229356E+00   0.286382E+00   0.188231E+00   0.234457E+00   0.288759E+00   0.188848E+00   0.235933E+00   0.118735E+00   0.381976E-01
   0.389750E+02   0.120000E+01   0.566349E+01   0.321000E+00   0.275688E+00   0.180084E+00   0.225212E+00   0.281844E+00   0.184084E+00   0.230126E+00   0.284264E+00   0.184710E+00   0.231620E+00   0.116578E+00   0.382048E-01
   0.389750E+02   0.122000E+01   0.575788E+01   0.327046E+00   0.271287E+00   0.176099E+00   0.221038E+00   0.277225E+00   0.179933E+00   0.225759E+00   0.279677E+00   0.180560E+00   0.227263E+00   0.114497E+00   0.382169E-01
   0.389750E+02   0.124000E+01   0.585227E+01   0.333117E+00   0.266818E+00   0.172113E+00   0.216831E+00   0.272529E+00   0.175779E+00   0.221352E+00   0.275003E+00   0.176398E+00   0.222857E+00   0.112488E+00   0.382335E-01
   0.389750E+02   0.126000E+01   0.594667E+01   0.339215E+00   0.262285E+00   0.168127E+00   0.212580E+00   0.267763E+00   0.171619E+00   0.216898E+00   0.270249E+00   0.172225E+00   0.218394E+00   0.110550E+00   0.382545E-01
   0.389750E+02   0.128000E+01   0.604106E+01   0.345338E+00   0.257694E+00   0.164141E+00   0.208304E+00   0.262931E+00   0.167459E+00   0.212413E+00   0.265418E+00   0.168042E+00   0.213893E+00   0.108679E+00   0.382796E-01
   0.389750E+02   0.130000E+01   0.613545E+01   0.351489E+00   0.253048E+00   0.160158E+00   0.204009E+00   0.258038E+00   0.163299E+00   0.207908E+00   0.260516E+00   0.163852E+00   0.209362E+00   0.106872E+00   0.383086E-01
   0.389750E+02   0.132000E+01   0.622984E+01   0.357665E+00   0.248350E+00   0.156177E+00   0.199716E+00   0.253090E+00   0.159141E+00   0.203403E+00   0.255550E+00   0.159656E+00   0.204824E+00   0.105126E+00   0.383413E-01
   0.389750E+02   0.134000E+01   0.632423E+01   0.363868E+00   0.243570E+00   0.152188E+00   0.195389E+00   0.248081E+00   0.154992E+00   0.198883E+00   0.250540E+00   0.155474E+00   0.200281E+00   0.103440E+00   0.383775E-01
   0.389750E+02   0.136000E+01   0.641862E+01   0.370098E+00   0.238753E+00   0.148210E+00   0.191051E+00   0.243029E+00   0.150851E+00   0.194349E+00   0.245478E+00   0.151292E+00   0.195716E+00   0.101811E+00   0.384171E-01
   0.389750E+02   0.138000E+01   0.651302E+01   0.376355E+00   0.233904E+00   0.144242E+00   0.186689E+00   0.237939E+00   0.146720E+00   0.189786E+00   0.240368E+00   0.147113E+00   0.191114E+00   0.100237E+00   0.384598E-01
   0.389750E+02   0.140000E+01   0.660741E+01   0.382640E+00   0.229026E+00   0.140288E+00   0.182311E+00   0.232817E+00   0.142601E+00   0.185206E+00   0.235216E+00   0.142939E+00   0.186487E+00   0.987149E-01   0.385056E-01
   0.389750E+02   0.142000E+01   0.670180E+01   0.388951E+00   0.224125E+00   0.136350E+00   0.177932E+00   0.227667E+00   0.138497E+00   0.180624E+00   0.230026E+00   0.138774E+00   0.181849E+00   0.972436E-01   0.385542E-01
   0.389750E+02   0.144000E+01   0.679619E+01   0.395290E+00   0.219203E+00   0.132430E+00   0.173567E+00   0.222495E+00   0.134412E+00   0.176055E+00   0.224803E+00   0.134620E+00   0.177216E+00   0.958209E-01   0.386056E-01
   0.389750E+02   0.146000E+01   0.689058E+01   0.401657E+00   0.214267E+00   0.128531E+00   0.169225E+00   0.217305E+00   0.130347E+00   0.171509E+00   0.219552E+00   0.130482E+00   0.172598E+00   0.944451E-01   0.386597E-01
   0.389750E+02   0.148000E+01   0.698497E+01   0.408052E+00   0.209319E+00   0.124654E+00   0.164892E+00   0.212103E+00   0.126307E+00   0.166973E+00   0.214277E+00   0.126363E+00   0.167983E+00   0.931143E-01   0.387162E-01
   0.389750E+02   0.150000E+01   0.707936E+01   0.414475E+00   0.204364E+00   0.120804E+00   0.160566E+00   0.206893E+00   0.122295E+00   0.162443E+00   0.208985E+00   0.122267E+00   0.163368E+00   0.918270E-01   0.387752E-01
   0.389750E+02   0.152000E+01   0.717376E+01   0.420926E+00   0.199406E+00   0.116983E+00   0.156234E+00   0.201680E+00   0.118313E+00   0.157910E+00   0.203679E+00   0.118196E+00   0.158741E+00   0.905815E-01   0.388366E-01
   0.389750E+02   0.154000E+01   0.726815E+01   0.427406E+00   0.194449E+00   0.113193E+00   0.151917E+00   0.196468E+00   0.114366E+00   0.153394E+00   0.198364E+00   0.114156E+00   0.154126E+00   0.893764E-01   0.389002E-01
   0.389750E+02   0.156000E+01   0.736254E+01   0.433915E+00   0.189497E+00   0.109439E+00   0.147622E+00   0.191262E+00   0.110457E+00   0.148902E+00   0.193045E+00   0.110150E+00   0.149528E+00   0.882103E-01   0.389660E-01
   0.389750E+02   0.158000E+01   0.745693E+01   0.440452E+00   0.184553E+00   0.105723E+00   0.143367E+00   0.186068E+00   0.106589E+00   0.144453E+00   0.187728E+00   0.106183E+00   0.144968E+00   0.870818E-01   0.390339E-01
   0.389750E+02   0.160000E+01   0.755132E+01   0.447018E+00   0.179621E+00   0.102048E+00   0.139143E+00   0.180888E+00   0.102766E+00   0.140040E+00   0.182415E+00   0.102257E+00   0.140439E+00   0.859896E-01   0.391039E-01
   0.389750E+02   0.162000E+01   0.764571E+01   0.453614E+00   0.174705E+00   0.984163E-01   0.134954E+00   0.175728E+00   0.989913E-01   0.135664E+00   0.177113E+00   0.983779E-01   0.135942E+00   0.849325E-01   0.391759E-01
   0.389750E+02   0.164000E+01   0.774011E+01   0.460239E+00   0.169809E+00   0.948318E-01   0.130798E+00   0.170590E+00   0.952677E-01   0.131327E+00   0.171826E+00   0.945487E-01   0.131480E+00   0.839093E-01   0.392498E-01
   0.389750E+02   0.166000E+01   0.783450E+01   0.466893E+00   0.164935E+00   0.912968E-01   0.126679E+00   0.165480E+00   0.915985E-01   0.127031E+00   0.166558E+00   0.907733E-01   0.127056E+00   0.829189E-01   0.393256E-01
   0.389750E+02   0.168000E+01   0.792889E+01   0.473578E+00   0.160087E+00   0.878139E-01   0.122597E+00   0.160401E+00   0.879866E-01   0.122780E+00   0.161314E+00   0.870554E-01   0.122672E+00   0.819603E-01   0.394033E-01
   0.389750E+02   0.170000E+01   0.802328E+01   0.480292E+00   0.155268E+00   0.843863E-01   0.118554E+00   0.155359E+00   0.844355E-01   0.118571E+00   0.156099E+00   0.833992E-01   0.118329E+00   0.810325E-01   0.394828E-01
   0.389750E+02   0.172000E+01   0.811767E+01   0.487037E+00   0.150483E+00   0.810164E-01   0.114552E+00   0.150355E+00   0.809480E-01   0.114410E+00   0.150917E+00   0.798082E-01   0.114032E+00   0.801345E-01   0.395641E-01
   0.389750E+02   0.174000E+01   0.821206E+01   0.493812E+00   0.145733E+00   0.777064E-01   0.110599E+00   0.145395E+00   0.775263E-01   0.110306E+00   0.145772E+00   0.762849E-01   0.109789E+00   0.792654E-01   0.396471E-01
   0.389750E+02   0.176000E+01   0.830645E+01   0.500618E+00   0.141023E+00   0.744590E-01   0.106707E+00   0.140482E+00   0.741735E-01   0.106269E+00   0.140669E+00   0.728330E-01   0.105613E+00   0.784244E-01   0.397319E-01
   0.389750E+02   0.178000E+01   0.840085E+01   0.507454E+00   0.136356E+00   0.712768E-01   0.102882E+00   0.135620E+00   0.708922E-01   0.102306E+00   0.135613E+00   0.694556E-01   0.101511E+00   0.776107E-01   0.398184E-01
   0.389750E+02   0.180000E+01   0.849524E+01   0.514322E+00   0.131734E+00   0.681612E-01   0.991147E-01   0.130812E+00   0.676841E-01   0.984083E-01   0.130607E+00   0.661548E-01   0.974745E-01   0.768235E-01   0.399067E-01
   0.389750E+02   0.182000E+01   0.858963E+01   0.521221E+00   0.127161E+00   0.651144E-01   0.954011E-01   0.126062E+00   0.645515E-01   0.945722E-01   0.125656E+00   0.629332E-01   0.935005E-01   0.760620E-01   0.399966E-01
   0.389750E+02   0.184000E+01   0.868402E+01   0.528152E+00   0.122640E+00   0.621388E-01   0.917344E-01   0.121373E+00   0.614968E-01   0.907910E-01   0.120764E+00   0.597941E-01   0.895833E-01   0.753255E-01   0.400881E-01
   0.389750E+02   0.186000E+01   0.877841E+01   0.535114E+00   0.118174E+00   0.592353E-01   0.881267E-01   0.116748E+00   0.585210E-01   0.870769E-01   0.115934E+00   0.567384E-01   0.857354E-01   0.746135E-01   0.401814E-01
   0.389750E+02   0.188000E+01   0.887280E+01   0.542108E+00   0.113764E+00   0.564053E-01   0.845825E-01   0.112191E+00   0.556254E-01   0.834345E-01   0.111171E+00   0.537681E-01   0.819620E-01   0.739253E-01   0.402763E-01
   0.389750E+02   0.190000E+01   0.896720E+01   0.549134E+00   0.109416E+00   0.536512E-01   0.811096E-01   0.107705E+00   0.528127E-01   0.798719E-01   0.106479E+00   0.508861E-01   0.782715E-01   0.732603E-01   0.403728E-01
   0.389750E+02   0.192000E+01   0.906159E+01   0.556193E+00   0.105130E+00   0.509731E-01   0.777067E-01   0.103292E+00   0.500827E-01   0.763874E-01   0.101862E+00   0.480924E-01   0.746630E-01   0.726180E-01   0.404710E-01
   0.389750E+02   0.194000E+01   0.915598E+01   0.563284E+00   0.100910E+00   0.483720E-01   0.743756E-01   0.989552E-01   0.474363E-01   0.729832E-01   0.973229E-01   0.453884E-01   0.711391E-01   0.719979E-01   0.405708E-01
   0.389750E+02   0.196000E+01   0.925037E+01   0.570408E+00   0.967586E-01   0.458502E-01   0.711223E-01   0.946990E-01   0.448756E-01   0.696648E-01   0.928667E-01   0.427765E-01   0.677057E-01   0.713994E-01   0.406723E-01
   0.389750E+02   0.198000E+01   0.934476E+01   0.577566E+00   0.927115E-01   0.434317E-01   0.679725E-01   0.905458E-01   0.424184E-01   0.664492E-01   0.885178E-01   0.402682E-01   0.643771E-01   0.708222E-01   0.407755E-01
   0.389750E+02   0.200000E+01   0.943915E+01   0.584756E+00   0.887395E-01   0.410925E-01   0.648987E-01   0.864775E-01   0.400460E-01   0.633167E-01   0.842565E-01   0.378505E-01   0.611361E-01   0.702659E-01   0.408803E-01
   0.389750E+02   0.202000E+01   0.953354E+01   0.591980E+00   0.848455E-01   0.388334E-01   0.619000E-01   0.824969E-01   0.377593E-01   0.602667E-01   0.800865E-01   0.355247E-01   0.579824E-01   0.697299E-01   0.409868E-01
   0.389750E+02   0.204000E+01   0.962794E+01   0.599238E+00   0.810309E-01   0.366539E-01   0.589775E-01   0.786057E-01   0.355575E-01   0.573000E-01   0.760101E-01   0.332899E-01   0.549174E-01   0.692141E-01   0.410950E-01
   0.389750E+02   0.206000E+01   0.972233E+01   0.606529E+00   0.772974E-01   0.345535E-01   0.561320E-01   0.748056E-01   0.334401E-01   0.544175E-01   0.720300E-01   0.311456E-01   0.519422E-01   0.687180E-01   0.412049E-01
   0.389750E+02   0.208000E+01   0.981672E+01   0.613855E+00   0.736475E-01   0.325325E-01   0.533637E-01   0.710992E-01   0.314071E-01   0.516194E-01   0.681495E-01   0.290920E-01   0.490578E-01   0.682415E-01   0.413166E-01
   0.389750E+02   0.210000E+01   0.991111E+01   0.621216E+00   0.700823E-01   0.305900E-01   0.506736E-01   0.674876E-01   0.294574E-01   0.489065E-01   0.643705E-01   0.271280E-01   0.462650E-01   0.677841E-01   0.414301E-01
   0.389750E+02   0.212000E+01   0.100055E+02   0.628611E+00   0.666033E-01   0.287251E-01   0.480624E-01   0.639721E-01   0.275900E-01   0.462791E-01   0.606952E-01   0.252523E-01   0.435646E-01   0.673458E-01   0.415455E-01
   0.389750E+02   0.214000E+01   0.100999E+02   0.636041E+00   0.632125E-01   0.269374E-01   0.455310E-01   0.605546E-01   0.258043E-01   0.437383E-01   0.571264E-01   0.234646E-01   0.409579E-01   0.669263E-01   0.416627E-01
   0.389750E+02   0.216000E+01   0.101943E+02   0.643506E+00   0.599107E-01   0.252256E-01   0.430796E-01   0.572359E-01   0.240988E-01   0.412839E-01   0.536656E-01   0.217630E-01   0.384452E-01   0.665255E-01   0.417820E-01
   0.389750E+02   0.218000E+01   0.102887E+02   0.651007E+00   0.566992E-01   0.235888E-01   0.407086E-01   0.540170E-01   0.224721E-01   0.389161E-01   0.503143E-01   0.201461E-01   0.360265E-01   0.661432E-01   0.419034E-01
   0.389750E+02   0.220000E+01   0.103831E+02   0.658543E+00   0.535794E-01   0.220257E-01   0.384192E-01   0.508992E-01   0.209230E-01   0.366357E-01   0.470749E-01   0.186125E-01   0.337030E-01   0.657794E-01   0.420272E-01
   0.389750E+02   0.222000E+01   0.104775E+02   0.666115E+00   0.505521E-01   0.205351E-01   0.362104E-01   0.478830E-01   0.194498E-01   0.344416E-01   0.439483E-01   0.171603E-01   0.314739E-01   0.654339E-01   0.421535E-01
   0.389750E+02   0.224000E+01   0.105719E+02   0.673724E+00   0.476179E-01   0.191153E-01   0.340814E-01   0.449687E-01   0.180506E-01   0.323327E-01   0.409354E-01   0.157873E-01   0.293381E-01   0.651069E-01   0.422829E-01
   0.389750E+02   0.226000E+01   0.106662E+02   0.681369E+00   0.447779E-01   0.177649E-01   0.320317E-01   0.421572E-01   0.167239E-01   0.303083E-01   0.380381E-01   0.144919E-01   0.272951E-01   0.647983E-01   0.424158E-01
   0.389750E+02   0.228000E+01   0.107606E+02   0.689051E+00   0.420324E-01   0.164823E-01   0.300605E-01   0.394483E-01   0.154676E-01   0.283672E-01   0.352566E-01   0.132717E-01   0.253438E-01   0.645081E-01   0.425530E-01
   0.389750E+02   0.230000E+01   0.108550E+02   0.696770E+00   0.393817E-01   0.152657E-01   0.281669E-01   0.368419E-01   0.142798E-01   0.265082E-01   0.325913E-01   0.121246E-01   0.234830E-01   0.642367E-01   0.426957E-01
   0.389750E+02   0.232000E+01   0.109494E+02   0.704526E+00   0.368266E-01   0.141134E-01   0.263498E-01   0.343386E-01   0.131585E-01   0.247300E-01   0.300431E-01   0.110482E-01   0.217116E-01   0.639840E-01   0.428457E-01
   0.389750E+02   0.234000E+01   0.110438E+02   0.712319E+00   0.343669E-01   0.130237E-01   0.246085E-01   0.319376E-01   0.121016E-01   0.230316E-01   0.276117E-01   0.100402E-01   0.200283E-01   0.637503E-01   0.430055E-01
   0.389750E+02   0.236000E+01   0.111382E+02   0.720151E+00   0.320027E-01   0.119947E-01   0.229424E-01   0.296385E-01   0.111071E-01   0.214118E-01   0.252967E-01   0.909829E-02   0.184321E-01   0.635360E-01   0.431788E-01
   0.389750E+02   0.238000E+01   0.112326E+02   0.728020E+00   0.297343E-01   0.110243E-01   0.213506E-01   0.274412E-01   0.101727E-01   0.198695E-01   0.230988E-01   0.821983E-02   0.169217E-01   0.633413E-01   0.433708E-01
   0.389750E+02   0.240000E+01   0.113270E+02   0.735928E+00   0.275611E-01   0.101109E-01   0.198322E-01   0.253447E-01   0.929629E-02   0.184033E-01   0.210167E-01   0.740253E-02   0.154955E-01   0.631667E-01   0.435893E-01
   0.389750E+02   0.242000E+01   0.114214E+02   0.743875E+00   0.254829E-01   0.925235E-02   0.183859E-01   0.233480E-01   0.847580E-02   0.170118E-01   0.190494E-01   0.664392E-02   0.141519E-01   0.630127E-01   0.438449E-01
   0.389750E+02   0.244000E+01   0.115158E+02   0.751861E+00   0.234995E-01   0.844666E-02   0.170110E-01   0.214505E-01   0.770879E-02   0.156938E-01   0.171968E-01   0.594127E-02   0.128894E-01   0.628800E-01   0.441527E-01
   0.389750E+02   0.246000E+01   0.116102E+02   0.759885E+00   0.216100E-01   0.769203E-02   0.157058E-01   0.196506E-01   0.699333E-02   0.144472E-01   0.154569E-01   0.529238E-02   0.117057E-01   0.627691E-01   0.445328E-01
   0.389750E+02   0.248000E+01   0.117045E+02   0.767950E+00   0.198137E-01   0.698642E-02   0.144690E-01   0.179473E-01   0.632714E-02   0.132703E-01   0.138283E-01   0.469475E-02   0.105988E-01   0.626809E-01   0.450123E-01
   0.389750E+02   0.250000E+01   0.117989E+02   0.776054E+00   0.181100E-01   0.632765E-02   0.132989E-01   0.163391E-01   0.570781E-02   0.121612E-01   0.123097E-01   0.414570E-02   0.956649E-02   0.626164E-01   0.456256E-01
   0.389750E+02   0.252000E+01   0.118933E+02   0.784198E+00   0.164976E-01   0.571410E-02   0.121942E-01   0.148244E-01   0.513354E-02   0.111181E-01   0.108985E-01   0.364311E-02   0.860645E-02   0.625766E-01   0.464151E-01
   0.389750E+02   0.254000E+01   0.119877E+02   0.792383E+00   0.149755E-01   0.514373E-02   0.111528E-01   0.134013E-01   0.460212E-02   0.101387E-01   0.959259E-02   0.318441E-02   0.771623E-02   0.625628E-01   0.474299E-01
   0.389750E+02   0.256000E+01   0.120821E+02   0.800608E+00   0.135426E-01   0.461455E-02   0.101732E-01   0.120682E-01   0.411135E-02   0.922112E-02   0.838962E-02   0.276711E-02   0.689335E-02   0.625763E-01   0.487231E-01
   0.389750E+02   0.258000E+01   0.121765E+02   0.808875E+00   0.121971E-01   0.412492E-02   0.925397E-02   0.108228E-01   0.365945E-02   0.836362E-02   0.728651E-02   0.238934E-02   0.613548E-02   0.626190E-01   0.503465E-01
   0.389750E+02   0.260000E+01   0.122709E+02   0.817182E+00   0.109375E-01   0.367276E-02   0.839358E-02   0.966304E-02   0.324416E-02   0.756427E-02   0.628070E-02   0.204877E-02   0.544015E-02   0.626926E-01   0.523433E-01
   0.389750E+02   0.262000E+01   0.123653E+02   0.825532E+00   0.976217E-02   0.325627E-02   0.759036E-02   0.858654E-02   0.286357E-02   0.682110E-02   0.536889E-02   0.174322E-02   0.480476E-02   0.627993E-01   0.547402E-01
   0.389750E+02   0.264000E+01   0.124597E+02   0.833923E+00   0.866920E-02   0.287394E-02   0.684255E-02   0.759093E-02   0.251601E-02   0.613212E-02   0.454722E-02   0.147071E-02   0.422656E-02   0.629419E-01   0.575398E-01
   0.389750E+02   0.266000E+01   0.125541E+02   0.842356E+00   0.765683E-02   0.252380E-02   0.614840E-02   0.667381E-02   0.219938E-02   0.549521E-02   0.381223E-02   0.122879E-02   0.370280E-02   0.631231E-01   0.607165E-01
   0.389750E+02   0.268000E+01   0.126485E+02   0.850833E+00   0.672285E-02   0.220437E-02   0.550595E-02   0.583251E-02   0.191210E-02   0.490823E-02   0.315974E-02   0.101565E-02   0.323059E-02   0.633465E-01   0.642166E-01
   0.389750E+02   0.270000E+01   0.127429E+02   0.859352E+00   0.586489E-02   0.191409E-02   0.491316E-02   0.506419E-02   0.165251E-02   0.436893E-02   0.258543E-02   0.829403E-03   0.280694E-02   0.636162E-01   0.679627E-01
   0.389750E+02   0.272000E+01   0.128372E+02   0.867914E+00   0.508055E-02   0.165103E-02   0.436770E-02   0.436588E-02   0.141856E-02   0.387470E-02   0.208519E-02   0.667813E-03   0.242860E-02   0.639369E-01   0.718628E-01
   0.389750E+02   0.274000E+01   0.129316E+02   0.876520E+00   0.436719E-02   0.141395E-02   0.386786E-02   0.373463E-02   0.120898E-02   0.342374E-02   0.165408E-02   0.529272E-03   0.209284E-02   0.643142E-01   0.758192E-01
   0.389750E+02   0.276000E+01   0.130260E+02   0.885169E+00   0.372212E-02   0.120126E-02   0.341161E-02   0.316732E-02   0.102208E-02   0.301380E-02   0.128732E-02   0.411827E-03   0.179660E-02   0.647549E-01   0.797391E-01
   0.389750E+02   0.278000E+01   0.131204E+02   0.893863E+00   0.314249E-02   0.101138E-02   0.299686E-02   0.266072E-02   0.856224E-03   0.264263E-02   0.979949E-03   0.313530E-03   0.153679E-02   0.652670E-01   0.835426E-01
   0.389750E+02   0.280000E+01   0.132148E+02   0.902602E+00   0.262531E-02   0.843098E-03   0.262150E-02   0.221165E-02   0.710189E-03   0.230809E-02   0.726773E-03   0.232744E-03   0.131056E-02   0.658600E-01   0.871677E-01
   0.389750E+02   0.282000E+01   0.133092E+02   0.911385E+00   0.216748E-02   0.694891E-03   0.228324E-02   0.181665E-02   0.582373E-03   0.200774E-02   0.522419E-03   0.167529E-03   0.111462E-02   0.665456E-01   0.905734E-01
   0.389750E+02   0.284000E+01   0.134036E+02   0.920214E+00   0.176577E-02   0.565437E-03   0.197993E-02   0.147236E-02   0.471455E-03   0.173942E-02   0.361608E-03   0.116166E-03   0.946142E-03   0.673380E-01   0.937399E-01
   0.389750E+02   0.286000E+01   0.134980E+02   0.929088E+00   0.141684E-02   0.453474E-03   0.170945E-02   0.117540E-02   0.376188E-03   0.150104E-02   0.239012E-03   0.769842E-04   0.802439E-03   0.682548E-01   0.966670E-01
   0.389750E+02   0.288000E+01   0.135924E+02   0.938009E+00   0.111714E-02   0.357479E-03   0.146935E-02   0.921963E-03   0.295017E-03   0.129007E-02   0.149067E-03   0.481492E-04   0.680144E-03   0.693176E-01   0.993725E-01
   0.389750E+02   0.290000E+01   0.136868E+02   0.946975E+00   0.863183E-03   0.276324E-03   0.125767E-02   0.708760E-03   0.226889E-03   0.110467E-02   0.862580E-04   0.279537E-04   0.577172E-03   0.705537E-01   0.101890E+00
   0.389750E+02   0.292000E+01   0.137812E+02   0.955988E+00   0.653896E-03   0.209527E-03   0.108321E-02   0.534161E-03   0.171164E-03   0.952392E-03   0.439921E-04   0.143143E-04   0.496047E-03   0.719977E-01   0.104269E+00
   0.389750E+02   0.294000E+01   0.138756E+02   0.965049E+00   0.484753E-03   0.155526E-03   0.941856E-03   0.393918E-03   0.126386E-03   0.829457E-03   0.166037E-04   0.544038E-05   0.433411E-03   0.736936E-01   0.106573E+00
   0.389750E+02   0.296000E+01   0.139699E+02   0.974157E+00   0.341014E-03   0.109597E-03   0.783927E-03   0.276001E-03   0.887056E-04   0.691838E-03   0.218822E-05   0.734084E-06   0.364524E-03   0.756984E-01   0.108886E+00
   0.389750E+02   0.298000E+01   0.140643E+02   0.983312E+00   0.213720E-03   0.688296E-04   0.579857E-03   0.172640E-03   0.556014E-04   0.512990E-03   0.000000E+00   0.000000E+00   0.273436E-03   0.780863E-01   0.111316E+00
   0.389750E+02   0.300000E+01   0.141587E+02   0.992516E+00   0.948662E-04   0.306229E-04   0.300606E-03   0.766957E-04   0.247581E-04   0.266636E-03   0.000000E+00   0.000000E+00   0.144009E-03   0.809541E-01   0.114006E+00
