   0.289900E+02   0.152000E+01   0.403829E+01   0.236950E+00   0.329241E+00   0.237880E+00   0.281170E+00   0.337885E+00   0.244082E+00   0.288503E+00   0.339143E+00   0.244066E+00   0.289180E+00   0.164501E+00   0.385044E-01
   0.289900E+02   0.154000E+01   0.409143E+01   0.240598E+00   0.327451E+00   0.235407E+00   0.278995E+00   0.336054E+00   0.241549E+00   0.286272E+00   0.337394E+00   0.241579E+00   0.287011E+00   0.162230E+00   0.384384E-01
   0.289900E+02   0.156000E+01   0.414456E+01   0.244262E+00   0.325608E+00   0.232926E+00   0.276788E+00   0.334163E+00   0.239003E+00   0.284002E+00   0.335582E+00   0.239079E+00   0.284801E+00   0.160009E+00   0.383752E-01
   0.289900E+02   0.158000E+01   0.419770E+01   0.247942E+00   0.323712E+00   0.230437E+00   0.274551E+00   0.332212E+00   0.236444E+00   0.281697E+00   0.333708E+00   0.236566E+00   0.282555E+00   0.157837E+00   0.383148E-01
   0.289900E+02   0.160000E+01   0.425083E+01   0.251638E+00   0.321763E+00   0.227941E+00   0.272288E+00   0.330201E+00   0.233875E+00   0.279361E+00   0.331773E+00   0.234041E+00   0.280276E+00   0.155714E+00   0.382573E-01
   0.289900E+02   0.162000E+01   0.430397E+01   0.255351E+00   0.319761E+00   0.225438E+00   0.270004E+00   0.328130E+00   0.231295E+00   0.276999E+00   0.329775E+00   0.231503E+00   0.277968E+00   0.153637E+00   0.382027E-01
   0.289900E+02   0.164000E+01   0.435710E+01   0.259080E+00   0.317660E+00   0.222904E+00   0.267693E+00   0.325977E+00   0.228698E+00   0.274626E+00   0.327705E+00   0.228953E+00   0.275656E+00   0.151607E+00   0.381510E-01
   0.289900E+02   0.166000E+01   0.441024E+01   0.262826E+00   0.315491E+00   0.220356E+00   0.265349E+00   0.323758E+00   0.226089E+00   0.272222E+00   0.325571E+00   0.226392E+00   0.273315E+00   0.149622E+00   0.381022E-01
   0.289900E+02   0.168000E+01   0.446337E+01   0.266589E+00   0.313271E+00   0.217801E+00   0.262981E+00   0.321481E+00   0.223470E+00   0.269789E+00   0.323379E+00   0.223820E+00   0.270944E+00   0.147681E+00   0.380564E-01
   0.289900E+02   0.170000E+01   0.451651E+01   0.270369E+00   0.311002E+00   0.215242E+00   0.260586E+00   0.319149E+00   0.220842E+00   0.267324E+00   0.321128E+00   0.221238E+00   0.268539E+00   0.145783E+00   0.380134E-01
   0.289900E+02   0.172000E+01   0.456964E+01   0.274165E+00   0.308683E+00   0.212676E+00   0.258159E+00   0.316760E+00   0.218205E+00   0.264823E+00   0.318819E+00   0.218644E+00   0.266095E+00   0.143927E+00   0.379733E-01
   0.289900E+02   0.174000E+01   0.462278E+01   0.277979E+00   0.306315E+00   0.210106E+00   0.255681E+00   0.314316E+00   0.215560E+00   0.262265E+00   0.316451E+00   0.216040E+00   0.263592E+00   0.142112E+00   0.379360E-01
   0.289900E+02   0.176000E+01   0.467592E+01   0.281811E+00   0.303899E+00   0.207531E+00   0.253171E+00   0.311819E+00   0.212906E+00   0.259669E+00   0.314026E+00   0.213424E+00   0.261049E+00   0.140336E+00   0.379015E-01
   0.289900E+02   0.178000E+01   0.472905E+01   0.285659E+00   0.301437E+00   0.204950E+00   0.250631E+00   0.309268E+00   0.210243E+00   0.257039E+00   0.311546E+00   0.210798E+00   0.258469E+00   0.138600E+00   0.378698E-01
   0.289900E+02   0.180000E+01   0.478219E+01   0.289525E+00   0.298928E+00   0.202365E+00   0.248062E+00   0.306664E+00   0.207571E+00   0.254376E+00   0.309010E+00   0.208161E+00   0.255853E+00   0.136902E+00   0.378408E-01
   0.289900E+02   0.182000E+01   0.483532E+01   0.293409E+00   0.296373E+00   0.199774E+00   0.245468E+00   0.304009E+00   0.204892E+00   0.251682E+00   0.306419E+00   0.205514E+00   0.253203E+00   0.135242E+00   0.378145E-01
   0.289900E+02   0.184000E+01   0.488846E+01   0.297310E+00   0.293774E+00   0.197178E+00   0.242849E+00   0.301303E+00   0.202204E+00   0.248960E+00   0.303775E+00   0.202855E+00   0.250522E+00   0.133617E+00   0.377907E-01
   0.289900E+02   0.186000E+01   0.494159E+01   0.301229E+00   0.291131E+00   0.194578E+00   0.240208E+00   0.298547E+00   0.199508E+00   0.246211E+00   0.301078E+00   0.200186E+00   0.247810E+00   0.132028E+00   0.377695E-01
   0.289900E+02   0.188000E+01   0.499473E+01   0.305166E+00   0.288445E+00   0.191972E+00   0.237545E+00   0.295743E+00   0.196804E+00   0.243436E+00   0.298329E+00   0.197506E+00   0.245069E+00   0.130474E+00   0.377507E-01
   0.289900E+02   0.190000E+01   0.504786E+01   0.309122E+00   0.285718E+00   0.189362E+00   0.234862E+00   0.292892E+00   0.194092E+00   0.240638E+00   0.295529E+00   0.194814E+00   0.242302E+00   0.128953E+00   0.377344E-01
   0.289900E+02   0.192000E+01   0.510100E+01   0.313095E+00   0.282950E+00   0.186747E+00   0.232163E+00   0.289995E+00   0.191372E+00   0.237819E+00   0.292679E+00   0.192112E+00   0.239510E+00   0.127466E+00   0.377204E-01
   0.289900E+02   0.194000E+01   0.515413E+01   0.317087E+00   0.280142E+00   0.184126E+00   0.229453E+00   0.287052E+00   0.188645E+00   0.234986E+00   0.289780E+00   0.189398E+00   0.236701E+00   0.126011E+00   0.377087E-01
   0.289900E+02   0.196000E+01   0.520727E+01   0.321097E+00   0.277296E+00   0.181500E+00   0.226727E+00   0.284066E+00   0.185910E+00   0.232133E+00   0.286833E+00   0.186672E+00   0.233867E+00   0.124587E+00   0.376991E-01
   0.289900E+02   0.198000E+01   0.526040E+01   0.325126E+00   0.274412E+00   0.178870E+00   0.223982E+00   0.281037E+00   0.183167E+00   0.229258E+00   0.283840E+00   0.183936E+00   0.231008E+00   0.123194E+00   0.376918E-01
   0.289900E+02   0.200000E+01   0.531354E+01   0.329174E+00   0.271493E+00   0.176235E+00   0.221218E+00   0.277968E+00   0.180418E+00   0.226361E+00   0.280801E+00   0.181189E+00   0.228122E+00   0.121831E+00   0.376865E-01
   0.289900E+02   0.202000E+01   0.536668E+01   0.333241E+00   0.268538E+00   0.173594E+00   0.218433E+00   0.274859E+00   0.177661E+00   0.223439E+00   0.277718E+00   0.178432E+00   0.225207E+00   0.120498E+00   0.376832E-01
   0.289900E+02   0.204000E+01   0.541981E+01   0.337326E+00   0.265550E+00   0.170948E+00   0.215621E+00   0.271713E+00   0.174897E+00   0.220488E+00   0.274592E+00   0.175663E+00   0.222259E+00   0.119193E+00   0.376819E-01
   0.289900E+02   0.206000E+01   0.547295E+01   0.341431E+00   0.262530E+00   0.168298E+00   0.212792E+00   0.268529E+00   0.172126E+00   0.217516E+00   0.271424E+00   0.172884E+00   0.219285E+00   0.117916E+00   0.376824E-01
   0.289900E+02   0.208000E+01   0.552608E+01   0.345555E+00   0.259478E+00   0.165644E+00   0.209947E+00   0.265310E+00   0.169349E+00   0.214526E+00   0.268217E+00   0.170095E+00   0.216290E+00   0.116666E+00   0.376847E-01
   0.289900E+02   0.210000E+01   0.557922E+01   0.349698E+00   0.256396E+00   0.162985E+00   0.207089E+00   0.262057E+00   0.166567E+00   0.211521E+00   0.264970E+00   0.167297E+00   0.213274E+00   0.115443E+00   0.376888E-01
   0.289900E+02   0.212000E+01   0.563235E+01   0.353861E+00   0.253286E+00   0.160324E+00   0.204225E+00   0.258772E+00   0.163781E+00   0.208507E+00   0.261686E+00   0.164489E+00   0.210246E+00   0.114247E+00   0.376946E-01
   0.289900E+02   0.214000E+01   0.568549E+01   0.358043E+00   0.250147E+00   0.157659E+00   0.201357E+00   0.255455E+00   0.160989E+00   0.205488E+00   0.258366E+00   0.161672E+00   0.207208E+00   0.113075E+00   0.377020E-01
   0.289900E+02   0.216000E+01   0.573862E+01   0.362246E+00   0.246983E+00   0.154991E+00   0.198477E+00   0.252109E+00   0.158194E+00   0.202455E+00   0.255011E+00   0.158848E+00   0.204152E+00   0.111929E+00   0.377109E-01
   0.289900E+02   0.218000E+01   0.579176E+01   0.366468E+00   0.243793E+00   0.152322E+00   0.195586E+00   0.248735E+00   0.155396E+00   0.199410E+00   0.251623E+00   0.156016E+00   0.201079E+00   0.110807E+00   0.377214E-01
   0.289900E+02   0.220000E+01   0.584489E+01   0.370711E+00   0.240578E+00   0.149650E+00   0.192683E+00   0.245334E+00   0.152596E+00   0.196350E+00   0.248202E+00   0.153179E+00   0.197987E+00   0.109709E+00   0.377333E-01
   0.289900E+02   0.222000E+01   0.589803E+01   0.374973E+00   0.237342E+00   0.146978E+00   0.189758E+00   0.241908E+00   0.149793E+00   0.193268E+00   0.244751E+00   0.150335E+00   0.194867E+00   0.108634E+00   0.377466E-01
   0.289900E+02   0.224000E+01   0.595116E+01   0.379256E+00   0.234084E+00   0.144305E+00   0.186816E+00   0.238458E+00   0.146990E+00   0.190167E+00   0.241271E+00   0.147486E+00   0.191725E+00   0.107582E+00   0.377613E-01
   0.289900E+02   0.226000E+01   0.600430E+01   0.383560E+00   0.230806E+00   0.141631E+00   0.183864E+00   0.234986E+00   0.144186E+00   0.187056E+00   0.237764E+00   0.144634E+00   0.188568E+00   0.106553E+00   0.377773E-01
   0.289900E+02   0.228000E+01   0.605744E+01   0.387884E+00   0.227508E+00   0.138959E+00   0.180905E+00   0.231493E+00   0.141384E+00   0.183937E+00   0.234229E+00   0.141778E+00   0.185399E+00   0.105545E+00   0.377945E-01
   0.289900E+02   0.230000E+01   0.611057E+01   0.392229E+00   0.224193E+00   0.136289E+00   0.177942E+00   0.227980E+00   0.138583E+00   0.180813E+00   0.230670E+00   0.138922E+00   0.182220E+00   0.104558E+00   0.378128E-01
   0.289900E+02   0.232000E+01   0.616371E+01   0.396596E+00   0.220861E+00   0.133621E+00   0.174987E+00   0.224451E+00   0.135784E+00   0.177698E+00   0.227088E+00   0.136064E+00   0.179046E+00   0.103593E+00   0.378324E-01
   0.289900E+02   0.234000E+01   0.621684E+01   0.400983E+00   0.217514E+00   0.130955E+00   0.172032E+00   0.220905E+00   0.132989E+00   0.174582E+00   0.223484E+00   0.133206E+00   0.175868E+00   0.102647E+00   0.378530E-01
   0.289900E+02   0.236000E+01   0.626998E+01   0.405391E+00   0.214141E+00   0.128293E+00   0.169068E+00   0.217342E+00   0.130203E+00   0.171466E+00   0.219872E+00   0.130362E+00   0.172695E+00   0.101722E+00   0.378747E-01
   0.289900E+02   0.238000E+01   0.632311E+01   0.409821E+00   0.210755E+00   0.125637E+00   0.166101E+00   0.213766E+00   0.127425E+00   0.168347E+00   0.216244E+00   0.127524E+00   0.169518E+00   0.100817E+00   0.378975E-01
   0.289900E+02   0.240000E+01   0.637625E+01   0.414273E+00   0.207359E+00   0.122988E+00   0.163131E+00   0.210179E+00   0.124655E+00   0.165224E+00   0.212600E+00   0.124690E+00   0.166332E+00   0.999303E-01   0.379212E-01
   0.289900E+02   0.242000E+01   0.642938E+01   0.418746E+00   0.203956E+00   0.120348E+00   0.160148E+00   0.206584E+00   0.121893E+00   0.162090E+00   0.208941E+00   0.121862E+00   0.163130E+00   0.990628E-01   0.379458E-01
   0.289900E+02   0.244000E+01   0.648252E+01   0.423242E+00   0.200545E+00   0.117717E+00   0.157166E+00   0.202980E+00   0.119142E+00   0.158956E+00   0.205269E+00   0.119041E+00   0.159925E+00   0.982137E-01   0.379714E-01
   0.289900E+02   0.246000E+01   0.653565E+01   0.427759E+00   0.197129E+00   0.115096E+00   0.154186E+00   0.199371E+00   0.116401E+00   0.155824E+00   0.201585E+00   0.116228E+00   0.156718E+00   0.973827E-01   0.379978E-01
   0.289900E+02   0.248000E+01   0.658879E+01   0.432299E+00   0.193708E+00   0.112487E+00   0.151211E+00   0.195757E+00   0.113673E+00   0.152698E+00   0.197890E+00   0.113426E+00   0.153514E+00   0.965694E-01   0.380251E-01
   0.289900E+02   0.250000E+01   0.664193E+01   0.436861E+00   0.190284E+00   0.109891E+00   0.148247E+00   0.192139E+00   0.110959E+00   0.149584E+00   0.194187E+00   0.110635E+00   0.150318E+00   0.957736E-01   0.380532E-01
   0.289900E+02   0.252000E+01   0.669506E+01   0.441445E+00   0.186859E+00   0.107308E+00   0.145296E+00   0.188521E+00   0.108260E+00   0.146484E+00   0.190476E+00   0.107858E+00   0.147132E+00   0.949947E-01   0.380821E-01
   0.289900E+02   0.254000E+01   0.674820E+01   0.446052E+00   0.183433E+00   0.104740E+00   0.142354E+00   0.184902E+00   0.105577E+00   0.143394E+00   0.186759E+00   0.105094E+00   0.143954E+00   0.942327E-01   0.381117E-01
   0.289900E+02   0.256000E+01   0.680133E+01   0.450683E+00   0.180007E+00   0.102189E+00   0.139423E+00   0.181284E+00   0.102912E+00   0.140316E+00   0.183039E+00   0.102347E+00   0.140785E+00   0.934870E-01   0.381420E-01
   0.289900E+02   0.258000E+01   0.685447E+01   0.455336E+00   0.176583E+00   0.996536E-01   0.136503E+00   0.177669E+00   0.100265E+00   0.137251E+00   0.179315E+00   0.996166E-01   0.137625E+00   0.927575E-01   0.381730E-01
   0.289900E+02   0.260000E+01   0.690760E+01   0.460013E+00   0.173163E+00   0.971370E-01   0.133594E+00   0.174059E+00   0.976388E-01   0.134199E+00   0.175591E+00   0.969053E-01   0.134475E+00   0.920439E-01   0.382047E-01
   0.289900E+02   0.262000E+01   0.696074E+01   0.464713E+00   0.169747E+00   0.946394E-01   0.130697E+00   0.170455E+00   0.950334E-01   0.131160E+00   0.171868E+00   0.942144E-01   0.131336E+00   0.913458E-01   0.382371E-01
   0.289900E+02   0.264000E+01   0.701387E+01   0.469436E+00   0.166336E+00   0.921620E-01   0.127812E+00   0.166857E+00   0.924503E-01   0.128137E+00   0.168146E+00   0.915452E-01   0.128210E+00   0.906630E-01   0.382700E-01
   0.289900E+02   0.266000E+01   0.706701E+01   0.474184E+00   0.162932E+00   0.897058E-01   0.124942E+00   0.163269E+00   0.898909E-01   0.125129E+00   0.164429E+00   0.888992E-01   0.125097E+00   0.899952E-01   0.383036E-01
   0.289900E+02   0.268000E+01   0.712014E+01   0.478955E+00   0.159536E+00   0.872723E-01   0.122084E+00   0.159691E+00   0.873566E-01   0.122137E+00   0.160717E+00   0.862782E-01   0.121998E+00   0.893423E-01   0.383378E-01
   0.289900E+02   0.270000E+01   0.717328E+01   0.483751E+00   0.156150E+00   0.848625E-01   0.119239E+00   0.156125E+00   0.848488E-01   0.119160E+00   0.157013E+00   0.836839E-01   0.118912E+00   0.887039E-01   0.383725E-01
   0.289900E+02   0.272000E+01   0.722641E+01   0.488571E+00   0.152774E+00   0.824772E-01   0.116412E+00   0.152572E+00   0.823681E-01   0.116204E+00   0.153318E+00   0.811171E-01   0.115845E+00   0.880799E-01   0.384077E-01
   0.289900E+02   0.274000E+01   0.727955E+01   0.493415E+00   0.149410E+00   0.801173E-01   0.113604E+00   0.149034E+00   0.799158E-01   0.113271E+00   0.149633E+00   0.785792E-01   0.112800E+00   0.874699E-01   0.384435E-01
   0.289900E+02   0.276000E+01   0.733269E+01   0.498284E+00   0.146059E+00   0.777840E-01   0.110820E+00   0.145512E+00   0.774929E-01   0.110364E+00   0.145961E+00   0.760716E-01   0.109779E+00   0.868739E-01   0.384798E-01
   0.289900E+02   0.278000E+01   0.738582E+01   0.503178E+00   0.142722E+00   0.754788E-01   0.108068E+00   0.142008E+00   0.751014E-01   0.107493E+00   0.142303E+00   0.735963E-01   0.106793E+00   0.862916E-01   0.385165E-01
   0.289900E+02   0.280000E+01   0.743896E+01   0.508098E+00   0.139401E+00   0.732021E-01   0.105341E+00   0.138524E+00   0.727415E-01   0.104650E+00   0.138661E+00   0.711538E-01   0.103835E+00   0.857228E-01   0.385538E-01
   0.289900E+02   0.282000E+01   0.749209E+01   0.513042E+00   0.136097E+00   0.709548E-01   0.102637E+00   0.135060E+00   0.704143E-01   0.101834E+00   0.135036E+00   0.687454E-01   0.100903E+00   0.851673E-01   0.385915E-01
   0.289900E+02   0.284000E+01   0.754523E+01   0.518012E+00   0.132810E+00   0.687379E-01   0.999566E-01   0.131618E+00   0.681209E-01   0.990451E-01   0.131430E+00   0.663722E-01   0.979977E-01   0.846250E-01   0.386297E-01
   0.289900E+02   0.286000E+01   0.759836E+01   0.523008E+00   0.129543E+00   0.665527E-01   0.972945E-01   0.128200E+00   0.658626E-01   0.962786E-01   0.127846E+00   0.640360E-01   0.951147E-01   0.840957E-01   0.386683E-01
   0.289900E+02   0.288000E+01   0.765150E+01   0.528029E+00   0.126296E+00   0.644000E-01   0.946529E-01   0.124807E+00   0.636404E-01   0.935367E-01   0.124283E+00   0.617378E-01   0.922566E-01   0.835792E-01   0.387073E-01
   0.289900E+02   0.290000E+01   0.770463E+01   0.533077E+00   0.123071E+00   0.622801E-01   0.920364E-01   0.121441E+00   0.614546E-01   0.908239E-01   0.120745E+00   0.594782E-01   0.894281E-01   0.830754E-01   0.387467E-01
   0.289900E+02   0.292000E+01   0.775777E+01   0.538150E+00   0.119869E+00   0.601938E-01   0.894468E-01   0.118102E+00   0.593060E-01   0.881423E-01   0.117232E+00   0.572582E-01   0.866313E-01   0.825842E-01   0.387866E-01
   0.289900E+02   0.294000E+01   0.781090E+01   0.543251E+00   0.116691E+00   0.581421E-01   0.868867E-01   0.114792E+00   0.571957E-01   0.854946E-01   0.113748E+00   0.550791E-01   0.838694E-01   0.821054E-01   0.388268E-01
   0.289900E+02   0.296000E+01   0.786404E+01   0.548378E+00   0.113538E+00   0.561260E-01   0.843589E-01   0.111513E+00   0.551247E-01   0.828836E-01   0.110293E+00   0.529422E-01   0.811455E-01   0.816389E-01   0.388675E-01
   0.289900E+02   0.298000E+01   0.791717E+01   0.553532E+00   0.110412E+00   0.541456E-01   0.818626E-01   0.108266E+00   0.530931E-01   0.803085E-01   0.106869E+00   0.508477E-01   0.784589E-01   0.811847E-01   0.389085E-01
   0.289900E+02   0.300000E+01   0.797031E+01   0.558713E+00   0.107312E+00   0.522015E-01   0.793986E-01   0.105052E+00   0.511016E-01   0.777703E-01   0.103477E+00   0.487964E-01   0.758108E-01   0.807425E-01   0.389499E-01
   0.289900E+02   0.302000E+01   0.802345E+01   0.563921E+00   0.104241E+00   0.502943E-01   0.769680E-01   0.101872E+00   0.491506E-01   0.752701E-01   0.100120E+00   0.467890E-01   0.732026E-01   0.803123E-01   0.389917E-01
   0.289900E+02   0.304000E+01   0.807658E+01   0.569157E+00   0.101201E+00   0.484250E-01   0.745741E-01   0.987285E-01   0.472415E-01   0.728113E-01   0.967991E-01   0.448271E-01   0.706378E-01   0.798941E-01   0.390339E-01
   0.289900E+02   0.306000E+01   0.812972E+01   0.574421E+00   0.981903E-01   0.465936E-01   0.722148E-01   0.956217E-01   0.453740E-01   0.703917E-01   0.935159E-01   0.429104E-01   0.681147E-01   0.794877E-01   0.390765E-01
   0.289900E+02   0.308000E+01   0.818285E+01   0.579712E+00   0.952117E-01   0.448004E-01   0.698903E-01   0.925528E-01   0.435484E-01   0.680117E-01   0.902720E-01   0.410394E-01   0.656338E-01   0.790931E-01   0.391194E-01
   0.289900E+02   0.310000E+01   0.823599E+01   0.585032E+00   0.922660E-01   0.430459E-01   0.676008E-01   0.895230E-01   0.417652E-01   0.656714E-01   0.870688E-01   0.392146E-01   0.631955E-01   0.787103E-01   0.391628E-01
   0.289900E+02   0.312000E+01   0.828912E+01   0.590380E+00   0.893546E-01   0.413308E-01   0.653460E-01   0.865341E-01   0.400251E-01   0.633707E-01   0.839084E-01   0.374371E-01   0.607998E-01   0.783392E-01   0.392065E-01
   0.289900E+02   0.314000E+01   0.834226E+01   0.595757E+00   0.864782E-01   0.396550E-01   0.631267E-01   0.835867E-01   0.383281E-01   0.611103E-01   0.807921E-01   0.357067E-01   0.584479E-01   0.779798E-01   0.392507E-01
   0.289900E+02   0.316000E+01   0.839539E+01   0.601163E+00   0.836378E-01   0.380188E-01   0.609436E-01   0.806819E-01   0.366741E-01   0.588910E-01   0.777213E-01   0.340234E-01   0.561405E-01   0.776320E-01   0.392952E-01
   0.289900E+02   0.318000E+01   0.844853E+01   0.606598E+00   0.808344E-01   0.364223E-01   0.587971E-01   0.778207E-01   0.350633E-01   0.567130E-01   0.746973E-01   0.323874E-01   0.538784E-01   0.772959E-01   0.393402E-01
   0.289900E+02   0.320000E+01   0.850166E+01   0.612063E+00   0.780693E-01   0.348660E-01   0.566877E-01   0.750047E-01   0.334962E-01   0.545769E-01   0.717222E-01   0.307995E-01   0.516622E-01   0.769716E-01   0.393857E-01
   0.289900E+02   0.322000E+01   0.855480E+01   0.617557E+00   0.753433E-01   0.333499E-01   0.546158E-01   0.722346E-01   0.319727E-01   0.524833E-01   0.687971E-01   0.292593E-01   0.494927E-01   0.766589E-01   0.394317E-01
   0.289900E+02   0.324000E+01   0.860793E+01   0.623081E+00   0.726572E-01   0.318737E-01   0.525824E-01   0.695111E-01   0.304925E-01   0.504326E-01   0.659232E-01   0.277666E-01   0.473707E-01   0.763579E-01   0.394782E-01
   0.289900E+02   0.326000E+01   0.866107E+01   0.628635E+00   0.700120E-01   0.304377E-01   0.505879E-01   0.668352E-01   0.290555E-01   0.484256E-01   0.631019E-01   0.263214E-01   0.452968E-01   0.760687E-01   0.395252E-01
   0.289900E+02   0.328000E+01   0.871421E+01   0.634219E+00   0.674087E-01   0.290419E-01   0.486332E-01   0.642081E-01   0.276619E-01   0.464631E-01   0.603349E-01   0.249239E-01   0.432722E-01   0.757914E-01   0.395729E-01
   0.289900E+02   0.330000E+01   0.876734E+01   0.639834E+00   0.648482E-01   0.276861E-01   0.467187E-01   0.616306E-01   0.263114E-01   0.445452E-01   0.576235E-01   0.235737E-01   0.412973E-01   0.755261E-01   0.396213E-01
   0.289900E+02   0.332000E+01   0.882048E+01   0.645480E+00   0.623312E-01   0.263701E-01   0.448447E-01   0.591032E-01   0.250036E-01   0.426723E-01   0.549684E-01   0.222703E-01   0.393724E-01   0.752727E-01   0.396704E-01
   0.289900E+02   0.334000E+01   0.887361E+01   0.651156E+00   0.598585E-01   0.250938E-01   0.430117E-01   0.566268E-01   0.237383E-01   0.408446E-01   0.523709E-01   0.210135E-01   0.374979E-01   0.750316E-01   0.397204E-01
   0.289900E+02   0.336000E+01   0.892675E+01   0.656865E+00   0.574312E-01   0.238571E-01   0.412208E-01   0.542024E-01   0.225152E-01   0.390632E-01   0.498327E-01   0.198030E-01   0.356751E-01   0.748027E-01   0.397714E-01
   0.289900E+02   0.338000E+01   0.897988E+01   0.662604E+00   0.550499E-01   0.226596E-01   0.394717E-01   0.518306E-01   0.213340E-01   0.373277E-01   0.473545E-01   0.186382E-01   0.339037E-01   0.745864E-01   0.398235E-01
   0.289900E+02   0.340000E+01   0.903302E+01   0.668376E+00   0.527153E-01   0.215010E-01   0.377644E-01   0.495118E-01   0.201941E-01   0.356380E-01   0.449371E-01   0.175187E-01   0.321835E-01   0.743827E-01   0.398771E-01
   0.289900E+02   0.342000E+01   0.908615E+01   0.674180E+00   0.504281E-01   0.203810E-01   0.360989E-01   0.472466E-01   0.190950E-01   0.339940E-01   0.425816E-01   0.164437E-01   0.305147E-01   0.741918E-01   0.399322E-01
   0.289900E+02   0.344000E+01   0.913929E+01   0.680016E+00   0.481892E-01   0.192991E-01   0.344755E-01   0.450361E-01   0.180363E-01   0.323957E-01   0.402895E-01   0.154128E-01   0.288976E-01   0.740141E-01   0.399894E-01
   0.289900E+02   0.346000E+01   0.919242E+01   0.685885E+00   0.459991E-01   0.182550E-01   0.328939E-01   0.428803E-01   0.170175E-01   0.308430E-01   0.380613E-01   0.144252E-01   0.273318E-01   0.738497E-01   0.400491E-01
   0.289900E+02   0.348000E+01   0.924556E+01   0.691787E+00   0.438582E-01   0.172481E-01   0.313542E-01   0.407795E-01   0.160378E-01   0.293356E-01   0.358973E-01   0.134803E-01   0.258173E-01   0.736991E-01   0.401118E-01
   0.289900E+02   0.350000E+01   0.929870E+01   0.697722E+00   0.417982E-01   0.162940E-01   0.298790E-01   0.387521E-01   0.151070E-01   0.278869E-01   0.338072E-01   0.125807E-01   0.243600E-01   0.735624E-01   0.401784E-01
   0.289900E+02   0.352000E+01   0.935183E+01   0.703691E+00   0.397900E-01   0.153763E-01   0.284458E-01   0.367815E-01   0.142140E-01   0.264832E-01   0.317828E-01   0.117220E-01   0.229533E-01   0.734401E-01   0.402499E-01
   0.289900E+02   0.354000E+01   0.940497E+01   0.709693E+00   0.378330E-01   0.144941E-01   0.270542E-01   0.348671E-01   0.133580E-01   0.251240E-01   0.298242E-01   0.109032E-01   0.215969E-01   0.733327E-01   0.403278E-01
   0.289900E+02   0.356000E+01   0.945810E+01   0.715730E+00   0.359276E-01   0.136467E-01   0.257043E-01   0.330092E-01   0.125382E-01   0.238092E-01   0.279317E-01   0.101234E-01   0.202906E-01   0.732405E-01   0.404140E-01
   0.289900E+02   0.358000E+01   0.951124E+01   0.721801E+00   0.340742E-01   0.128336E-01   0.243957E-01   0.312080E-01   0.117540E-01   0.225384E-01   0.261057E-01   0.938193E-02   0.190340E-01   0.731642E-01   0.405108E-01
   0.289900E+02   0.360000E+01   0.956437E+01   0.727906E+00   0.322732E-01   0.120540E-01   0.231286E-01   0.294638E-01   0.110044E-01   0.213114E-01   0.243472E-01   0.867767E-02   0.178272E-01   0.731042E-01   0.406216E-01
   0.289900E+02   0.362000E+01   0.961751E+01   0.734047E+00   0.305248E-01   0.113073E-01   0.219026E-01   0.277763E-01   0.102888E-01   0.201278E-01   0.226558E-01   0.800982E-02   0.166696E-01   0.730612E-01   0.407506E-01
   0.289900E+02   0.364000E+01   0.967064E+01   0.740223E+00   0.288292E-01   0.105928E-01   0.207176E-01   0.261456E-01   0.960640E-02   0.189873E-01   0.210316E-01   0.737747E-02   0.155607E-01   0.730359E-01   0.409034E-01
   0.289900E+02   0.366000E+01   0.972378E+01   0.746434E+00   0.271865E-01   0.990987E-02   0.195734E-01   0.245717E-01   0.895625E-02   0.178896E-01   0.194750E-01   0.677956E-02   0.145002E-01   0.730292E-01   0.410873E-01
   0.289900E+02   0.368000E+01   0.977691E+01   0.752682E+00   0.255971E-01   0.925762E-02   0.184697E-01   0.230545E-01   0.833752E-02   0.168342E-01   0.179861E-01   0.621510E-02   0.134877E-01   0.730419E-01   0.413116E-01
   0.289900E+02   0.370000E+01   0.983005E+01   0.758965E+00   0.240607E-01   0.863546E-02   0.174061E-01   0.215936E-01   0.774946E-02   0.158204E-01   0.165643E-01   0.568324E-02   0.125222E-01   0.730749E-01   0.415881E-01
   0.289900E+02   0.372000E+01   0.988318E+01   0.765285E+00   0.225775E-01   0.804265E-02   0.163821E-01   0.201888E-01   0.719121E-02   0.148477E-01   0.152094E-01   0.518299E-02   0.116033E-01   0.731294E-01   0.419313E-01
   0.289900E+02   0.374000E+01   0.993632E+01   0.771642E+00   0.211477E-01   0.747819E-02   0.153973E-01   0.188402E-01   0.666165E-02   0.139154E-01   0.139217E-01   0.471314E-02   0.107301E-01   0.732066E-01   0.423593E-01
   0.289900E+02   0.376000E+01   0.998946E+01   0.778036E+00   0.197710E-01   0.694150E-02   0.144513E-01   0.175470E-01   0.616010E-02   0.130229E-01   0.127003E-01   0.427284E-02   0.990192E-02   0.733079E-01   0.428932E-01
   0.289900E+02   0.378000E+01   0.100426E+02   0.784468E+00   0.184472E-01   0.643190E-02   0.135434E-01   0.163089E-01   0.568578E-02   0.121694E-01   0.115445E-01   0.386114E-02   0.911778E-02   0.734347E-01   0.435578E-01
   0.289900E+02   0.380000E+01   0.100957E+02   0.790937E+00   0.171762E-01   0.594857E-02   0.126731E-01   0.151254E-01   0.523775E-02   0.113543E-01   0.104539E-01   0.347695E-02   0.837678E-02   0.735889E-01   0.443804E-01
   0.289900E+02   0.382000E+01   0.101489E+02   0.797445E+00   0.159579E-01   0.549060E-02   0.118397E-01   0.139960E-01   0.481500E-02   0.105765E-01   0.942781E-02   0.311902E-02   0.767796E-02   0.737724E-01   0.453902E-01
   0.289900E+02   0.384000E+01   0.102020E+02   0.803991E+00   0.147918E-01   0.505745E-02   0.110428E-01   0.129199E-01   0.441689E-02   0.983566E-02   0.846512E-02   0.278671E-02   0.702047E-02   0.739874E-01   0.466160E-01
   0.289900E+02   0.386000E+01   0.102551E+02   0.810576E+00   0.136776E-01   0.464836E-02   0.102821E-01   0.118966E-01   0.404259E-02   0.913110E-02   0.756483E-02   0.247909E-02   0.640333E-02   0.742363E-01   0.480845E-01
   0.289900E+02   0.388000E+01   0.103083E+02   0.817200E+00   0.126149E-01   0.426241E-02   0.955696E-02   0.109253E-01   0.369104E-02   0.846208E-02   0.672627E-02   0.219504E-02   0.582562E-02   0.745220E-01   0.498172E-01
   0.289900E+02   0.390000E+01   0.103614E+02   0.823863E+00   0.116032E-01   0.389892E-02   0.886685E-02   0.100052E-01   0.336148E-02   0.782784E-02   0.594803E-02   0.193365E-02   0.528621E-02   0.748478E-01   0.518277E-01
   0.289900E+02   0.392000E+01   0.104145E+02   0.830567E+00   0.106420E-01   0.355723E-02   0.821111E-02   0.913537E-02   0.305319E-02   0.722759E-02   0.522849E-02   0.169405E-02   0.478393E-02   0.752172E-01   0.541194E-01
   0.289900E+02   0.394000E+01   0.104677E+02   0.837311E+00   0.973076E-02   0.323653E-02   0.758912E-02   0.831500E-02   0.276527E-02   0.666051E-02   0.456625E-02   0.147517E-02   0.431761E-02   0.756347E-01   0.566840E-01
   0.289900E+02   0.396000E+01   0.105208E+02   0.844095E+00   0.886882E-02   0.293591E-02   0.700020E-02   0.754314E-02   0.249671E-02   0.612573E-02   0.395994E-02   0.127585E-02   0.388605E-02   0.761049E-01   0.595014E-01
   0.289900E+02   0.398000E+01   0.105739E+02   0.850920E+00   0.805548E-02   0.265491E-02   0.644357E-02   0.681874E-02   0.224699E-02   0.562235E-02   0.340749E-02   0.109543E-02   0.348789E-02   0.766337E-01   0.625404E-01
   0.289900E+02   0.400000E+01   0.106271E+02   0.857787E+00   0.728996E-02   0.239284E-02   0.591840E-02   0.614073E-02   0.201535E-02   0.514941E-02   0.290704E-02   0.932967E-03   0.312176E-02   0.772275E-01   0.657613E-01
   0.289900E+02   0.402000E+01   0.106802E+02   0.864696E+00   0.657155E-02   0.214885E-02   0.542371E-02   0.550799E-02   0.180083E-02   0.470573E-02   0.245687E-02   0.787330E-03   0.278611E-02   0.778941E-01   0.691188E-01
   0.289900E+02   0.404000E+01   0.107334E+02   0.871646E+00   0.589926E-02   0.192232E-02   0.495881E-02   0.491930E-02   0.160278E-02   0.429052E-02   0.205467E-02   0.657736E-03   0.247964E-02   0.786425E-01   0.725656E-01
   0.289900E+02   0.406000E+01   0.107865E+02   0.878639E+00   0.527205E-02   0.171260E-02   0.452295E-02   0.437338E-02   0.142049E-02   0.390292E-02   0.169812E-02   0.543315E-03   0.220097E-02   0.794833E-01   0.760565E-01
   0.289900E+02   0.408000E+01   0.108396E+02   0.885675E+00   0.468887E-02   0.151880E-02   0.411527E-02   0.386884E-02   0.125303E-02   0.354189E-02   0.138494E-02   0.443039E-03   0.194855E-02   0.804291E-01   0.795517E-01
   0.289900E+02   0.410000E+01   0.108928E+02   0.892754E+00   0.414860E-02   0.134023E-02   0.373488E-02   0.340429E-02   0.109965E-02   0.320643E-02   0.111268E-02   0.355956E-03   0.172086E-02   0.814949E-01   0.830198E-01
   0.289900E+02   0.412000E+01   0.109459E+02   0.899877E+00   0.365005E-02   0.117644E-02   0.338087E-02   0.297839E-02   0.959859E-03   0.289559E-02   0.878656E-03   0.281252E-03   0.151649E-02   0.826988E-01   0.864409E-01
   0.289900E+02   0.414000E+01   0.109990E+02   0.907044E+00   0.319195E-02   0.102677E-02   0.305224E-02   0.258961E-02   0.832941E-03   0.260828E-02   0.680165E-03   0.217957E-03   0.133383E-02   0.840623E-01   0.898080E-01
   0.289900E+02   0.416000E+01   0.110522E+02   0.914256E+00   0.277298E-02   0.890473E-03   0.274793E-02   0.223634E-02   0.718087E-03   0.234330E-02   0.514385E-03   0.165015E-03   0.117110E-02   0.856116E-01   0.931292E-01
   0.289900E+02   0.418000E+01   0.111053E+02   0.921512E+00   0.239176E-02   0.767037E-03   0.246703E-02   0.191714E-02   0.614789E-03   0.209976E-02   0.378522E-03   0.121623E-03   0.102706E-02   0.873784E-01   0.964291E-01
   0.289900E+02   0.420000E+01   0.111584E+02   0.928814E+00   0.204681E-02   0.655816E-03   0.220851E-02   0.163041E-02   0.522377E-03   0.187660E-02   0.269636E-03   0.868279E-04   0.900192E-03   0.894009E-01   0.997503E-01
   0.289900E+02   0.422000E+01   0.112116E+02   0.936161E+00   0.173658E-02   0.556002E-03   0.197113E-02   0.137428E-02   0.439993E-03   0.167248E-02   0.184728E-03   0.596218E-04   0.788518E-03   0.917254E-01   0.103156E+00
   0.289900E+02   0.424000E+01   0.112647E+02   0.943555E+00   0.145951E-02   0.467108E-03   0.175402E-02   0.114727E-02   0.367174E-03   0.148657E-02   0.120593E-03   0.390236E-04   0.691012E-03   0.944067E-01   0.106732E+00
   0.289900E+02   0.426000E+01   0.113178E+02   0.950995E+00   0.121389E-02   0.388503E-03   0.155613E-02   0.947628E-03   0.303291E-03   0.131783E-02   0.739516E-04   0.240003E-04   0.606280E-03   0.975089E-01   0.110591E+00
   0.289900E+02   0.428000E+01   0.113710E+02   0.958483E+00   0.100860E-02   0.322873E-03   0.140226E-02   0.781261E-03   0.250104E-03   0.118708E-02   0.397482E-04   0.129516E-04   0.542957E-03   0.101102E+00   0.114869E+00
   0.289900E+02   0.430000E+01   0.114241E+02   0.966018E+00   0.827729E-03   0.265095E-03   0.125723E-02   0.636084E-03   0.203727E-03   0.106440E-02   0.167010E-04   0.547623E-05   0.486325E-03   0.105254E+00   0.119722E+00
   0.289900E+02   0.432000E+01   0.114772E+02   0.973601E+00   0.656862E-03   0.210524E-03   0.108870E-02   0.501074E-03   0.160605E-03   0.922159E-03   0.328262E-05   0.109507E-05   0.422558E-03   0.110008E+00   0.125299E+00
   0.289900E+02   0.434000E+01   0.115304E+02   0.981232E+00   0.485300E-03   0.155681E-03   0.872773E-03   0.367852E-03   0.118016E-03   0.739854E-03   0.000000E+00   0.000000E+00   0.340979E-03   0.115338E+00   0.131683E+00
   0.289900E+02   0.436000E+01   0.115835E+02   0.988912E+00   0.302465E-03   0.971297E-04   0.585317E-03   0.228101E-03   0.732599E-04   0.496677E-03   0.000000E+00   0.000000E+00   0.230642E-03   0.121056E+00   0.138747E+00
   0.289900E+02   0.438000E+01   0.116367E+02   0.996642E+00   0.978429E-04   0.314545E-04   0.201808E-03   0.735144E-04   0.236379E-04   0.171442E-03   0.000000E+00   0.000000E+00   0.802933E-04   0.126674E+00   0.145945E+00
