   0.210350E+02   0.222000E+01   0.313687E+01   0.199430E+00   0.344974E+00   0.264111E+00   0.302182E+00   0.354524E+00   0.271369E+00   0.310545E+00   0.354974E+00   0.270841E+00   0.310583E+00   0.205848E+00   0.391800E-01
   0.210350E+02   0.224000E+01   0.316513E+01   0.201708E+00   0.344225E+00   0.262620E+00   0.301039E+00   0.353815E+00   0.269884E+00   0.309421E+00   0.354332E+00   0.269391E+00   0.309510E+00   0.204046E+00   0.391205E-01
   0.210350E+02   0.226000E+01   0.319339E+01   0.203997E+00   0.343449E+00   0.261120E+00   0.299903E+00   0.353076E+00   0.268387E+00   0.308302E+00   0.353662E+00   0.267930E+00   0.308443E+00   0.202264E+00   0.390607E-01
   0.210350E+02   0.228000E+01   0.322165E+01   0.206297E+00   0.342647E+00   0.259608E+00   0.298755E+00   0.352309E+00   0.266877E+00   0.307168E+00   0.352963E+00   0.266455E+00   0.307361E+00   0.200502E+00   0.390005E-01
   0.210350E+02   0.230000E+01   0.324991E+01   0.208608E+00   0.341820E+00   0.258085E+00   0.297591E+00   0.351514E+00   0.265352E+00   0.306016E+00   0.352238E+00   0.264968E+00   0.306262E+00   0.198760E+00   0.389401E-01
   0.210350E+02   0.232000E+01   0.327817E+01   0.210930E+00   0.340968E+00   0.256550E+00   0.296412E+00   0.350691E+00   0.263815E+00   0.304847E+00   0.351485E+00   0.263468E+00   0.305146E+00   0.197038E+00   0.388795E-01
   0.210350E+02   0.234000E+01   0.330643E+01   0.213263E+00   0.340091E+00   0.255005E+00   0.295217E+00   0.349840E+00   0.262265E+00   0.303659E+00   0.350704E+00   0.261955E+00   0.304011E+00   0.195337E+00   0.388187E-01
   0.210350E+02   0.236000E+01   0.333470E+01   0.215608E+00   0.339189E+00   0.253450E+00   0.294004E+00   0.348960E+00   0.260702E+00   0.302450E+00   0.349895E+00   0.260431E+00   0.302856E+00   0.193655E+00   0.387580E-01
   0.210350E+02   0.238000E+01   0.336296E+01   0.217964E+00   0.338261E+00   0.251885E+00   0.292773E+00   0.348052E+00   0.259127E+00   0.301220E+00   0.349057E+00   0.258894E+00   0.301680E+00   0.191993E+00   0.386972E-01
   0.210350E+02   0.240000E+01   0.339122E+01   0.220332E+00   0.337307E+00   0.250311E+00   0.291514E+00   0.347115E+00   0.257540E+00   0.299959E+00   0.348192E+00   0.257346E+00   0.300475E+00   0.190351E+00   0.386366E-01
   0.210350E+02   0.242000E+01   0.341948E+01   0.222711E+00   0.336328E+00   0.248727E+00   0.290229E+00   0.346150E+00   0.255942E+00   0.298670E+00   0.347298E+00   0.255788E+00   0.299240E+00   0.188728E+00   0.385761E-01
   0.210350E+02   0.244000E+01   0.344774E+01   0.225102E+00   0.335324E+00   0.247134E+00   0.288924E+00   0.345156E+00   0.254332E+00   0.297357E+00   0.346376E+00   0.254218E+00   0.297983E+00   0.187124E+00   0.385158E-01
   0.210350E+02   0.246000E+01   0.347600E+01   0.227504E+00   0.334294E+00   0.245533E+00   0.287599E+00   0.344132E+00   0.252711E+00   0.296022E+00   0.345424E+00   0.252637E+00   0.296703E+00   0.185539E+00   0.384559E-01
   0.210350E+02   0.248000E+01   0.350426E+01   0.229918E+00   0.333238E+00   0.243923E+00   0.286254E+00   0.343080E+00   0.251080E+00   0.294664E+00   0.344444E+00   0.251046E+00   0.295400E+00   0.183974E+00   0.383962E-01
   0.210350E+02   0.250000E+01   0.353252E+01   0.232345E+00   0.332156E+00   0.242305E+00   0.284890E+00   0.341998E+00   0.249438E+00   0.293283E+00   0.343434E+00   0.249444E+00   0.294074E+00   0.182427E+00   0.383370E-01
   0.210350E+02   0.252000E+01   0.356078E+01   0.234783E+00   0.331047E+00   0.240679E+00   0.283505E+00   0.340887E+00   0.247786E+00   0.291880E+00   0.342394E+00   0.247833E+00   0.292726E+00   0.180899E+00   0.382783E-01
   0.210350E+02   0.254000E+01   0.358904E+01   0.237234E+00   0.329912E+00   0.239045E+00   0.282101E+00   0.339746E+00   0.246125E+00   0.290454E+00   0.341325E+00   0.246211E+00   0.291354E+00   0.179389E+00   0.382201E-01
   0.210350E+02   0.256000E+01   0.361730E+01   0.239696E+00   0.328750E+00   0.237405E+00   0.280672E+00   0.338574E+00   0.244454E+00   0.289000E+00   0.340224E+00   0.244581E+00   0.289954E+00   0.177898E+00   0.381625E-01
   0.210350E+02   0.258000E+01   0.364556E+01   0.242171E+00   0.327562E+00   0.235759E+00   0.279225E+00   0.337372E+00   0.242775E+00   0.287525E+00   0.339093E+00   0.242942E+00   0.288533E+00   0.176425E+00   0.381055E-01
   0.210350E+02   0.260000E+01   0.367382E+01   0.244658E+00   0.326346E+00   0.234104E+00   0.277760E+00   0.336140E+00   0.241085E+00   0.286029E+00   0.337932E+00   0.241292E+00   0.287091E+00   0.174970E+00   0.380493E-01
   0.210350E+02   0.262000E+01   0.370208E+01   0.247158E+00   0.325104E+00   0.232443E+00   0.276279E+00   0.334878E+00   0.239387E+00   0.284515E+00   0.336740E+00   0.239634E+00   0.285629E+00   0.173532E+00   0.379937E-01
   0.210350E+02   0.264000E+01   0.373034E+01   0.249670E+00   0.323835E+00   0.230776E+00   0.274783E+00   0.333585E+00   0.237680E+00   0.282982E+00   0.335518E+00   0.237966E+00   0.284149E+00   0.172113E+00   0.379390E-01
   0.210350E+02   0.266000E+01   0.375860E+01   0.252195E+00   0.322540E+00   0.229101E+00   0.273272E+00   0.332262E+00   0.235964E+00   0.281433E+00   0.334264E+00   0.236289E+00   0.282652E+00   0.170711E+00   0.378851E-01
   0.210350E+02   0.268000E+01   0.378686E+01   0.254733E+00   0.321217E+00   0.227420E+00   0.271749E+00   0.330909E+00   0.234239E+00   0.279867E+00   0.332979E+00   0.234602E+00   0.281138E+00   0.169326E+00   0.378320E-01
   0.210350E+02   0.270000E+01   0.381512E+01   0.257284E+00   0.319866E+00   0.225733E+00   0.270229E+00   0.329524E+00   0.232506E+00   0.278303E+00   0.331663E+00   0.232907E+00   0.279623E+00   0.167958E+00   0.377799E-01
   0.210350E+02   0.272000E+01   0.384338E+01   0.259847E+00   0.318489E+00   0.224040E+00   0.268699E+00   0.328107E+00   0.230764E+00   0.276727E+00   0.330314E+00   0.231204E+00   0.278097E+00   0.166608E+00   0.377287E-01
   0.210350E+02   0.274000E+01   0.387164E+01   0.262423E+00   0.317084E+00   0.222340E+00   0.267157E+00   0.326661E+00   0.229014E+00   0.275135E+00   0.328934E+00   0.229491E+00   0.276554E+00   0.165274E+00   0.376784E-01
   0.210350E+02   0.276000E+01   0.389990E+01   0.265013E+00   0.315652E+00   0.220634E+00   0.265600E+00   0.325183E+00   0.227255E+00   0.273525E+00   0.327522E+00   0.227768E+00   0.274993E+00   0.163957E+00   0.376292E-01
   0.210350E+02   0.278000E+01   0.392816E+01   0.267616E+00   0.314194E+00   0.218922E+00   0.264028E+00   0.323676E+00   0.225488E+00   0.271898E+00   0.326079E+00   0.226037E+00   0.273412E+00   0.162656E+00   0.375810E-01
   0.210350E+02   0.280000E+01   0.395642E+01   0.270232E+00   0.312709E+00   0.217203E+00   0.262439E+00   0.322138E+00   0.223713E+00   0.270251E+00   0.324604E+00   0.224296E+00   0.271811E+00   0.161372E+00   0.375338E-01
   0.210350E+02   0.282000E+01   0.398468E+01   0.272862E+00   0.311197E+00   0.215478E+00   0.260833E+00   0.320569E+00   0.221929E+00   0.268583E+00   0.323098E+00   0.222546E+00   0.270188E+00   0.160104E+00   0.374877E-01
   0.210350E+02   0.284000E+01   0.401294E+01   0.275505E+00   0.309658E+00   0.213747E+00   0.259199E+00   0.318970E+00   0.220136E+00   0.266885E+00   0.321559E+00   0.220786E+00   0.268533E+00   0.158852E+00   0.374427E-01
   0.210350E+02   0.286000E+01   0.404120E+01   0.278162E+00   0.308093E+00   0.212010E+00   0.257540E+00   0.317341E+00   0.218336E+00   0.265158E+00   0.319988E+00   0.219017E+00   0.266848E+00   0.157615E+00   0.373988E-01
   0.210350E+02   0.288000E+01   0.406946E+01   0.280833E+00   0.306501E+00   0.210266E+00   0.255861E+00   0.315682E+00   0.216527E+00   0.263410E+00   0.318385E+00   0.217238E+00   0.265140E+00   0.156395E+00   0.373561E-01
   0.210350E+02   0.290000E+01   0.409772E+01   0.283517E+00   0.304883E+00   0.208516E+00   0.254165E+00   0.313992E+00   0.214710E+00   0.261640E+00   0.316751E+00   0.215449E+00   0.263409E+00   0.155189E+00   0.373144E-01
   0.210350E+02   0.292000E+01   0.412598E+01   0.286216E+00   0.303238E+00   0.206760E+00   0.252450E+00   0.312273E+00   0.212884E+00   0.259850E+00   0.315085E+00   0.213651E+00   0.261655E+00   0.154000E+00   0.372739E-01
   0.210350E+02   0.294000E+01   0.415424E+01   0.288929E+00   0.301567E+00   0.204997E+00   0.250717E+00   0.310524E+00   0.211050E+00   0.258039E+00   0.313387E+00   0.211843E+00   0.259880E+00   0.152825E+00   0.372346E-01
   0.210350E+02   0.296000E+01   0.418250E+01   0.291655E+00   0.299870E+00   0.203228E+00   0.248968E+00   0.308745E+00   0.209208E+00   0.256208E+00   0.311658E+00   0.210025E+00   0.258083E+00   0.151665E+00   0.371964E-01
   0.210350E+02   0.298000E+01   0.421076E+01   0.294396E+00   0.298147E+00   0.201453E+00   0.247202E+00   0.306936E+00   0.207357E+00   0.254358E+00   0.309897E+00   0.208198E+00   0.256265E+00   0.150520E+00   0.371594E-01
   0.210350E+02   0.300000E+01   0.423902E+01   0.297152E+00   0.296397E+00   0.199671E+00   0.245420E+00   0.305097E+00   0.205498E+00   0.252490E+00   0.308105E+00   0.206360E+00   0.254426E+00   0.149390E+00   0.371235E-01
   0.210350E+02   0.302000E+01   0.426728E+01   0.299922E+00   0.294622E+00   0.197883E+00   0.243623E+00   0.303229E+00   0.203630E+00   0.250603E+00   0.306282E+00   0.204512E+00   0.252568E+00   0.148274E+00   0.370888E-01
   0.210350E+02   0.304000E+01   0.429554E+01   0.302707E+00   0.292821E+00   0.196089E+00   0.241810E+00   0.301331E+00   0.201754E+00   0.248699E+00   0.304427E+00   0.202654E+00   0.250689E+00   0.147173E+00   0.370552E-01
   0.210350E+02   0.306000E+01   0.432380E+01   0.305506E+00   0.290988E+00   0.194284E+00   0.239978E+00   0.299403E+00   0.199869E+00   0.246775E+00   0.302541E+00   0.200787E+00   0.248792E+00   0.146086E+00   0.370228E-01
   0.210350E+02   0.308000E+01   0.435206E+01   0.308321E+00   0.289104E+00   0.192460E+00   0.238113E+00   0.297433E+00   0.197972E+00   0.244828E+00   0.300625E+00   0.198912E+00   0.246878E+00   0.145013E+00   0.369915E-01
   0.210350E+02   0.310000E+01   0.438032E+01   0.311150E+00   0.287195E+00   0.190629E+00   0.236235E+00   0.295436E+00   0.196067E+00   0.242865E+00   0.298678E+00   0.197027E+00   0.244946E+00   0.143954E+00   0.369614E-01
   0.210350E+02   0.312000E+01   0.440858E+01   0.313995E+00   0.285262E+00   0.188791E+00   0.234347E+00   0.293410E+00   0.194153E+00   0.240891E+00   0.296702E+00   0.195131E+00   0.243001E+00   0.142909E+00   0.369324E-01
   0.210350E+02   0.314000E+01   0.443684E+01   0.316854E+00   0.283305E+00   0.186948E+00   0.232450E+00   0.291357E+00   0.192231E+00   0.238904E+00   0.294695E+00   0.193226E+00   0.241041E+00   0.141877E+00   0.369045E-01
   0.210350E+02   0.316000E+01   0.446510E+01   0.319729E+00   0.281324E+00   0.185098E+00   0.230540E+00   0.289276E+00   0.190301E+00   0.236902E+00   0.292660E+00   0.191310E+00   0.239064E+00   0.140858E+00   0.368777E-01
   0.210350E+02   0.318000E+01   0.449336E+01   0.322620E+00   0.279320E+00   0.183242E+00   0.228617E+00   0.287168E+00   0.188363E+00   0.234884E+00   0.290595E+00   0.189384E+00   0.237070E+00   0.139854E+00   0.368520E-01
   0.210350E+02   0.320000E+01   0.452162E+01   0.325526E+00   0.277292E+00   0.181379E+00   0.226680E+00   0.285034E+00   0.186417E+00   0.232850E+00   0.288501E+00   0.187448E+00   0.235057E+00   0.138862E+00   0.368274E-01
   0.210350E+02   0.322000E+01   0.454988E+01   0.328448E+00   0.275242E+00   0.179510E+00   0.224730E+00   0.282874E+00   0.184462E+00   0.230800E+00   0.286379E+00   0.185501E+00   0.233025E+00   0.137883E+00   0.368039E-01
   0.210350E+02   0.324000E+01   0.457814E+01   0.331386E+00   0.273169E+00   0.177635E+00   0.222766E+00   0.280687E+00   0.182499E+00   0.228734E+00   0.284228E+00   0.183544E+00   0.230975E+00   0.136917E+00   0.367813E-01
   0.210350E+02   0.326000E+01   0.460640E+01   0.334340E+00   0.271074E+00   0.175752E+00   0.220782E+00   0.278475E+00   0.180527E+00   0.226645E+00   0.282049E+00   0.181577E+00   0.228900E+00   0.135964E+00   0.367599E-01
   0.210350E+02   0.328000E+01   0.463466E+01   0.337310E+00   0.268958E+00   0.173864E+00   0.218782E+00   0.276238E+00   0.178547E+00   0.224538E+00   0.279842E+00   0.179598E+00   0.226804E+00   0.135023E+00   0.367394E-01
   0.210350E+02   0.330000E+01   0.466292E+01   0.340296E+00   0.266820E+00   0.171969E+00   0.216769E+00   0.273976E+00   0.176559E+00   0.222415E+00   0.277608E+00   0.177610E+00   0.224690E+00   0.134095E+00   0.367199E-01
   0.210350E+02   0.332000E+01   0.469118E+01   0.343299E+00   0.264660E+00   0.170067E+00   0.214744E+00   0.271690E+00   0.174564E+00   0.220278E+00   0.275346E+00   0.175611E+00   0.222559E+00   0.133180E+00   0.367013E-01
   0.210350E+02   0.334000E+01   0.471944E+01   0.346318E+00   0.262480E+00   0.168160E+00   0.212707E+00   0.269379E+00   0.172560E+00   0.218127E+00   0.273058E+00   0.173602E+00   0.220411E+00   0.132276E+00   0.366838E-01
   0.210350E+02   0.336000E+01   0.474770E+01   0.349354E+00   0.260279E+00   0.166247E+00   0.210658E+00   0.267045E+00   0.170549E+00   0.215962E+00   0.270743E+00   0.171583E+00   0.218247E+00   0.131385E+00   0.366671E-01
   0.210350E+02   0.338000E+01   0.477596E+01   0.352407E+00   0.258059E+00   0.164328E+00   0.208600E+00   0.264688E+00   0.168531E+00   0.213786E+00   0.268402E+00   0.169554E+00   0.216069E+00   0.130506E+00   0.366513E-01
   0.210350E+02   0.340000E+01   0.480422E+01   0.355477E+00   0.255818E+00   0.162403E+00   0.206540E+00   0.262308E+00   0.166505E+00   0.211605E+00   0.266036E+00   0.167514E+00   0.213884E+00   0.129638E+00   0.366365E-01
   0.210350E+02   0.342000E+01   0.483248E+01   0.358563E+00   0.253558E+00   0.160472E+00   0.204470E+00   0.259906E+00   0.164473E+00   0.209413E+00   0.263644E+00   0.165465E+00   0.211683E+00   0.128782E+00   0.366224E-01
   0.210350E+02   0.344000E+01   0.486074E+01   0.361667E+00   0.251280E+00   0.158536E+00   0.202389E+00   0.257482E+00   0.162433E+00   0.207208E+00   0.261227E+00   0.163406E+00   0.209468E+00   0.127938E+00   0.366092E-01
   0.210350E+02   0.346000E+01   0.488900E+01   0.364789E+00   0.248982E+00   0.156595E+00   0.200297E+00   0.255036E+00   0.160387E+00   0.204991E+00   0.258785E+00   0.161337E+00   0.207237E+00   0.127105E+00   0.365968E-01
   0.210350E+02   0.348000E+01   0.491726E+01   0.367928E+00   0.246667E+00   0.154648E+00   0.198194E+00   0.252569E+00   0.158334E+00   0.202760E+00   0.256319E+00   0.159259E+00   0.204990E+00   0.126284E+00   0.365852E-01
   0.210350E+02   0.350000E+01   0.494552E+01   0.371084E+00   0.244333E+00   0.152696E+00   0.196080E+00   0.250082E+00   0.156276E+00   0.200516E+00   0.253829E+00   0.157173E+00   0.202727E+00   0.125474E+00   0.365744E-01
   0.210350E+02   0.352000E+01   0.497378E+01   0.374259E+00   0.241983E+00   0.150740E+00   0.193948E+00   0.247575E+00   0.154211E+00   0.198253E+00   0.251316E+00   0.155077E+00   0.200441E+00   0.124675E+00   0.365643E-01
   0.210350E+02   0.354000E+01   0.500204E+01   0.377451E+00   0.239615E+00   0.148778E+00   0.191800E+00   0.245049E+00   0.152140E+00   0.195972E+00   0.248780E+00   0.152973E+00   0.198135E+00   0.123887E+00   0.365549E-01
   0.210350E+02   0.356000E+01   0.503030E+01   0.380662E+00   0.237232E+00   0.146813E+00   0.189642E+00   0.242504E+00   0.150064E+00   0.193680E+00   0.246221E+00   0.150861E+00   0.195813E+00   0.123110E+00   0.365461E-01
   0.210350E+02   0.358000E+01   0.505856E+01   0.383891E+00   0.234832E+00   0.144843E+00   0.187474E+00   0.239940E+00   0.147984E+00   0.191376E+00   0.243640E+00   0.148741E+00   0.193477E+00   0.122344E+00   0.365380E-01
   0.210350E+02   0.360000E+01   0.508682E+01   0.387138E+00   0.232416E+00   0.142869E+00   0.185298E+00   0.237359E+00   0.145898E+00   0.189062E+00   0.241038E+00   0.146614E+00   0.191128E+00   0.121589E+00   0.365306E-01
   0.210350E+02   0.362000E+01   0.511508E+01   0.390404E+00   0.229986E+00   0.140892E+00   0.183114E+00   0.234759E+00   0.143808E+00   0.186740E+00   0.238414E+00   0.144480E+00   0.188767E+00   0.120844E+00   0.365238E-01
   0.210350E+02   0.364000E+01   0.514334E+01   0.393688E+00   0.227540E+00   0.138912E+00   0.180926E+00   0.232144E+00   0.141714E+00   0.184412E+00   0.235769E+00   0.142339E+00   0.186399E+00   0.120110E+00   0.365175E-01
   0.210350E+02   0.366000E+01   0.517160E+01   0.396992E+00   0.225080E+00   0.136928E+00   0.178740E+00   0.229512E+00   0.139617E+00   0.182086E+00   0.233104E+00   0.140192E+00   0.184027E+00   0.119386E+00   0.365118E-01
   0.210350E+02   0.368000E+01   0.519986E+01   0.400315E+00   0.222607E+00   0.134942E+00   0.176548E+00   0.226864E+00   0.137516E+00   0.179752E+00   0.230419E+00   0.138039E+00   0.181646E+00   0.118672E+00   0.365066E-01
   0.210350E+02   0.370000E+01   0.522812E+01   0.403657E+00   0.220120E+00   0.132954E+00   0.174350E+00   0.224201E+00   0.135412E+00   0.177412E+00   0.227715E+00   0.135880E+00   0.179254E+00   0.117969E+00   0.365019E-01
   0.210350E+02   0.372000E+01   0.525638E+01   0.407018E+00   0.217620E+00   0.130963E+00   0.172145E+00   0.221524E+00   0.133307E+00   0.175064E+00   0.224992E+00   0.133718E+00   0.176852E+00   0.117276E+00   0.364976E-01
   0.210350E+02   0.374000E+01   0.528464E+01   0.410399E+00   0.215108E+00   0.128971E+00   0.169933E+00   0.218833E+00   0.131199E+00   0.172708E+00   0.222251E+00   0.131550E+00   0.174439E+00   0.116593E+00   0.364939E-01
   0.210350E+02   0.376000E+01   0.531290E+01   0.413800E+00   0.212584E+00   0.126979E+00   0.167713E+00   0.216128E+00   0.129091E+00   0.170344E+00   0.219492E+00   0.129380E+00   0.172014E+00   0.115920E+00   0.364905E-01
   0.210350E+02   0.378000E+01   0.534116E+01   0.417220E+00   0.210049E+00   0.124985E+00   0.165477E+00   0.213412E+00   0.126981E+00   0.167964E+00   0.216716E+00   0.127206E+00   0.169570E+00   0.115257E+00   0.364875E-01
   0.210350E+02   0.380000E+01   0.536942E+01   0.420661E+00   0.207503E+00   0.122991E+00   0.163235E+00   0.210683E+00   0.124872E+00   0.165577E+00   0.213924E+00   0.125029E+00   0.167115E+00   0.114604E+00   0.364849E-01
   0.210350E+02   0.382000E+01   0.539768E+01   0.424122E+00   0.204947E+00   0.120997E+00   0.160988E+00   0.207943E+00   0.122763E+00   0.163184E+00   0.211116E+00   0.122850E+00   0.164652E+00   0.113960E+00   0.364827E-01
   0.210350E+02   0.384000E+01   0.542594E+01   0.427604E+00   0.202380E+00   0.119004E+00   0.158736E+00   0.205191E+00   0.120654E+00   0.160787E+00   0.208293E+00   0.120671E+00   0.162181E+00   0.113326E+00   0.364807E-01
   0.210350E+02   0.386000E+01   0.545420E+01   0.431106E+00   0.199804E+00   0.117013E+00   0.156480E+00   0.202430E+00   0.118547E+00   0.158386E+00   0.205454E+00   0.118490E+00   0.159704E+00   0.112702E+00   0.364791E-01
   0.210350E+02   0.388000E+01   0.548246E+01   0.434629E+00   0.197219E+00   0.115022E+00   0.154223E+00   0.199659E+00   0.116443E+00   0.155984E+00   0.202602E+00   0.116310E+00   0.157223E+00   0.112088E+00   0.364777E-01
   0.210350E+02   0.390000E+01   0.551072E+01   0.438173E+00   0.194626E+00   0.113035E+00   0.151970E+00   0.196879E+00   0.114341E+00   0.153585E+00   0.199736E+00   0.114131E+00   0.154742E+00   0.111482E+00   0.364765E-01
   0.210350E+02   0.392000E+01   0.553898E+01   0.441738E+00   0.192025E+00   0.111050E+00   0.149716E+00   0.194091E+00   0.112243E+00   0.151187E+00   0.196858E+00   0.111953E+00   0.152259E+00   0.110887E+00   0.364756E-01
   0.210350E+02   0.394000E+01   0.556724E+01   0.445325E+00   0.189416E+00   0.109068E+00   0.147462E+00   0.191295E+00   0.110148E+00   0.148788E+00   0.193967E+00   0.109777E+00   0.149773E+00   0.110300E+00   0.364748E-01
   0.210350E+02   0.396000E+01   0.559551E+01   0.448933E+00   0.186801E+00   0.107089E+00   0.145208E+00   0.188493E+00   0.108058E+00   0.146391E+00   0.191065E+00   0.107605E+00   0.147284E+00   0.109723E+00   0.364742E-01
   0.210350E+02   0.398000E+01   0.562377E+01   0.452563E+00   0.184179E+00   0.105115E+00   0.142953E+00   0.185683E+00   0.105973E+00   0.143993E+00   0.188152E+00   0.105436E+00   0.144794E+00   0.109155E+00   0.364738E-01
   0.210350E+02   0.400000E+01   0.565203E+01   0.456215E+00   0.181551E+00   0.103146E+00   0.140700E+00   0.182869E+00   0.103894E+00   0.141598E+00   0.185230E+00   0.103272E+00   0.142303E+00   0.108597E+00   0.364735E-01
   0.210350E+02   0.402000E+01   0.568029E+01   0.459889E+00   0.178918E+00   0.101183E+00   0.138447E+00   0.180050E+00   0.101822E+00   0.139204E+00   0.182298E+00   0.101113E+00   0.139811E+00   0.108047E+00   0.364732E-01
   0.210350E+02   0.404000E+01   0.570855E+01   0.463586E+00   0.176281E+00   0.992247E-01   0.136195E+00   0.177226E+00   0.997565E-01   0.136812E+00   0.179357E+00   0.989600E-01   0.137318E+00   0.107507E+00   0.364730E-01
   0.210350E+02   0.406000E+01   0.573681E+01   0.467305E+00   0.173639E+00   0.972734E-01   0.133945E+00   0.174399E+00   0.976990E-01   0.134423E+00   0.176409E+00   0.968142E-01   0.134826E+00   0.106975E+00   0.364729E-01
   0.210350E+02   0.408000E+01   0.576507E+01   0.471047E+00   0.170993E+00   0.953290E-01   0.131696E+00   0.171570E+00   0.956500E-01   0.132037E+00   0.173453E+00   0.946762E-01   0.132334E+00   0.106453E+00   0.364728E-01
   0.210350E+02   0.410000E+01   0.579333E+01   0.474812E+00   0.168345E+00   0.933923E-01   0.129450E+00   0.168738E+00   0.936102E-01   0.129654E+00   0.170492E+00   0.925467E-01   0.129844E+00   0.105940E+00   0.364727E-01
   0.210350E+02   0.412000E+01   0.582159E+01   0.478601E+00   0.165694E+00   0.914641E-01   0.127204E+00   0.165905E+00   0.915805E-01   0.127274E+00   0.167525E+00   0.904270E-01   0.127354E+00   0.105435E+00   0.364725E-01
   0.210350E+02   0.414000E+01   0.584985E+01   0.482413E+00   0.163042E+00   0.895448E-01   0.124959E+00   0.163073E+00   0.895617E-01   0.124896E+00   0.164554E+00   0.883179E-01   0.124866E+00   0.104940E+00   0.364724E-01
   0.210350E+02   0.416000E+01   0.587811E+01   0.486248E+00   0.160388E+00   0.876350E-01   0.122718E+00   0.160240E+00   0.875542E-01   0.122525E+00   0.161579E+00   0.862199E-01   0.122381E+00   0.104453E+00   0.364721E-01
   0.210350E+02   0.418000E+01   0.590637E+01   0.490107E+00   0.157734E+00   0.857352E-01   0.120483E+00   0.157408E+00   0.855587E-01   0.120160E+00   0.158602E+00   0.841339E-01   0.119902E+00   0.103976E+00   0.364718E-01
   0.210350E+02   0.420000E+01   0.593463E+01   0.493991E+00   0.155079E+00   0.838461E-01   0.118254E+00   0.154579E+00   0.835758E-01   0.117804E+00   0.155622E+00   0.820607E-01   0.117429E+00   0.103507E+00   0.364713E-01
   0.210350E+02   0.422000E+01   0.596289E+01   0.497899E+00   0.152425E+00   0.819681E-01   0.116033E+00   0.151751E+00   0.816062E-01   0.115458E+00   0.152641E+00   0.800011E-01   0.114966E+00   0.103047E+00   0.364707E-01
   0.210350E+02   0.424000E+01   0.599115E+01   0.501831E+00   0.149773E+00   0.801025E-01   0.113827E+00   0.148928E+00   0.796512E-01   0.113130E+00   0.149661E+00   0.779566E-01   0.112518E+00   0.102596E+00   0.364700E-01
   0.210350E+02   0.426000E+01   0.601941E+01   0.505788E+00   0.147123E+00   0.782493E-01   0.111630E+00   0.146109E+00   0.777110E-01   0.110814E+00   0.146681E+00   0.759275E-01   0.110082E+00   0.102153E+00   0.364690E-01
   0.210350E+02   0.428000E+01   0.604767E+01   0.509770E+00   0.144475E+00   0.764092E-01   0.109443E+00   0.143295E+00   0.757863E-01   0.108509E+00   0.143703E+00   0.739145E-01   0.107656E+00   0.101720E+00   0.364679E-01
   0.210350E+02   0.430000E+01   0.607593E+01   0.513778E+00   0.141830E+00   0.745827E-01   0.107264E+00   0.140487E+00   0.738776E-01   0.106215E+00   0.140728E+00   0.719184E-01   0.105240E+00   0.101295E+00   0.364666E-01
   0.210350E+02   0.432000E+01   0.610419E+01   0.517811E+00   0.139189E+00   0.727705E-01   0.105094E+00   0.137685E+00   0.719857E-01   0.103933E+00   0.137756E+00   0.699402E-01   0.102835E+00   0.100879E+00   0.364651E-01
   0.210350E+02   0.434000E+01   0.613245E+01   0.521869E+00   0.136553E+00   0.709734E-01   0.102930E+00   0.134892E+00   0.701117E-01   0.101659E+00   0.134789E+00   0.679809E-01   0.100438E+00   0.100472E+00   0.364633E-01
   0.210350E+02   0.436000E+01   0.616071E+01   0.525954E+00   0.133922E+00   0.691923E-01   0.100771E+00   0.132107E+00   0.682564E-01   0.993940E-01   0.131828E+00   0.660414E-01   0.980498E-01   0.100074E+00   0.364612E-01
   0.210350E+02   0.438000E+01   0.618897E+01   0.530065E+00   0.131297E+00   0.674272E-01   0.986213E-01   0.129332E+00   0.664197E-01   0.971414E-01   0.128874E+00   0.641222E-01   0.956735E-01   0.996847E-01   0.364589E-01
   0.210350E+02   0.440000E+01   0.621723E+01   0.534203E+00   0.128678E+00   0.656786E-01   0.964823E-01   0.126567E+00   0.646025E-01   0.949027E-01   0.125927E+00   0.622239E-01   0.933110E-01   0.993043E-01   0.364563E-01
   0.210350E+02   0.442000E+01   0.624549E+01   0.538367E+00   0.126076E+00   0.639560E-01   0.943639E-01   0.123818E+00   0.628120E-01   0.926846E-01   0.122998E+00   0.603534E-01   0.909709E-01   0.989329E-01   0.364534E-01
   0.210350E+02   0.444000E+01   0.627375E+01   0.542558E+00   0.123486E+00   0.622549E-01   0.922626E-01   0.121083E+00   0.610448E-01   0.904855E-01   0.120083E+00   0.585076E-01   0.886502E-01   0.985705E-01   0.364501E-01
   0.210350E+02   0.446000E+01   0.630201E+01   0.546777E+00   0.120906E+00   0.605729E-01   0.901776E-01   0.118361E+00   0.592995E-01   0.883058E-01   0.117179E+00   0.566855E-01   0.863490E-01   0.982171E-01   0.364466E-01
   0.210350E+02   0.448000E+01   0.633027E+01   0.551023E+00   0.118337E+00   0.589101E-01   0.881080E-01   0.115654E+00   0.575760E-01   0.861444E-01   0.114287E+00   0.548873E-01   0.840663E-01   0.978728E-01   0.364427E-01
   0.210350E+02   0.450000E+01   0.635853E+01   0.555297E+00   0.115779E+00   0.572671E-01   0.860544E-01   0.112961E+00   0.558750E-01   0.840021E-01   0.111408E+00   0.531135E-01   0.818031E-01   0.975377E-01   0.364385E-01
   0.210350E+02   0.452000E+01   0.638679E+01   0.559599E+00   0.113233E+00   0.556443E-01   0.840174E-01   0.110284E+00   0.541970E-01   0.818796E-01   0.108543E+00   0.513648E-01   0.795602E-01   0.972118E-01   0.364340E-01
   0.210350E+02   0.454000E+01   0.641505E+01   0.563930E+00   0.110699E+00   0.540423E-01   0.819979E-01   0.107623E+00   0.525425E-01   0.797779E-01   0.105693E+00   0.496420E-01   0.773388E-01   0.968952E-01   0.364291E-01
   0.210350E+02   0.456000E+01   0.644331E+01   0.568289E+00   0.108179E+00   0.524619E-01   0.799985E-01   0.104981E+00   0.509126E-01   0.776996E-01   0.102859E+00   0.479465E-01   0.751416E-01   0.965880E-01   0.364239E-01
   0.210350E+02   0.458000E+01   0.647157E+01   0.572677E+00   0.105673E+00   0.509032E-01   0.780174E-01   0.102357E+00   0.493072E-01   0.756432E-01   0.100044E+00   0.462780E-01   0.729674E-01   0.962902E-01   0.364184E-01
   0.210350E+02   0.460000E+01   0.649983E+01   0.577095E+00   0.103181E+00   0.493664E-01   0.760549E-01   0.997517E-01   0.477267E-01   0.736088E-01   0.972465E-01   0.446372E-01   0.708164E-01   0.960020E-01   0.364126E-01
   0.210350E+02   0.462000E+01   0.652809E+01   0.581542E+00   0.100705E+00   0.478521E-01   0.741113E-01   0.971667E-01   0.461716E-01   0.715968E-01   0.944690E-01   0.430245E-01   0.686893E-01   0.957236E-01   0.364065E-01
   0.210350E+02   0.464000E+01   0.655635E+01   0.586018E+00   0.982457E-01   0.463607E-01   0.721866E-01   0.946025E-01   0.446422E-01   0.696074E-01   0.917122E-01   0.414405E-01   0.665865E-01   0.954549E-01   0.364000E-01
   0.210350E+02   0.466000E+01   0.658461E+01   0.590525E+00   0.958034E-01   0.448929E-01   0.702807E-01   0.920607E-01   0.431396E-01   0.676407E-01   0.889779E-01   0.398866E-01   0.645082E-01   0.951962E-01   0.363934E-01
   0.210350E+02   0.468000E+01   0.661287E+01   0.595063E+00   0.933786E-01   0.434486E-01   0.683945E-01   0.895412E-01   0.416635E-01   0.656973E-01   0.862667E-01   0.383622E-01   0.624554E-01   0.949476E-01   0.363865E-01
   0.210350E+02   0.470000E+01   0.664113E+01   0.599631E+00   0.909722E-01   0.420283E-01   0.665284E-01   0.870453E-01   0.402143E-01   0.637780E-01   0.835798E-01   0.368681E-01   0.604288E-01   0.947093E-01   0.363794E-01
   0.210350E+02   0.472000E+01   0.666939E+01   0.604230E+00   0.885847E-01   0.406321E-01   0.646828E-01   0.845735E-01   0.387922E-01   0.618830E-01   0.809182E-01   0.354044E-01   0.584290E-01   0.944814E-01   0.363722E-01
   0.210350E+02   0.474000E+01   0.669765E+01   0.608860E+00   0.862173E-01   0.392607E-01   0.628581E-01   0.821270E-01   0.373978E-01   0.600129E-01   0.782833E-01   0.339718E-01   0.564568E-01   0.942642E-01   0.363649E-01
   0.210350E+02   0.476000E+01   0.672591E+01   0.613523E+00   0.838705E-01   0.379143E-01   0.610543E-01   0.797067E-01   0.360316E-01   0.581679E-01   0.756766E-01   0.325709E-01   0.545126E-01   0.940578E-01   0.363575E-01
   0.210350E+02   0.478000E+01   0.675417E+01   0.618217E+00   0.815451E-01   0.365930E-01   0.592725E-01   0.773133E-01   0.346934E-01   0.563488E-01   0.730989E-01   0.312016E-01   0.525975E-01   0.938625E-01   0.363503E-01
   0.210350E+02   0.480000E+01   0.678243E+01   0.622944E+00   0.792415E-01   0.352970E-01   0.575132E-01   0.749473E-01   0.333833E-01   0.545563E-01   0.705511E-01   0.298641E-01   0.507121E-01   0.936784E-01   0.363432E-01
   0.210350E+02   0.482000E+01   0.681069E+01   0.627703E+00   0.769606E-01   0.340265E-01   0.557770E-01   0.726096E-01   0.321017E-01   0.527909E-01   0.680347E-01   0.285587E-01   0.488572E-01   0.935060E-01   0.363363E-01
   0.210350E+02   0.484000E+01   0.683895E+01   0.632495E+00   0.747031E-01   0.327817E-01   0.540646E-01   0.703011E-01   0.308487E-01   0.510533E-01   0.655507E-01   0.272858E-01   0.470339E-01   0.933455E-01   0.363299E-01
   0.210350E+02   0.486000E+01   0.686721E+01   0.637321E+00   0.724700E-01   0.315629E-01   0.523768E-01   0.680230E-01   0.296247E-01   0.493444E-01   0.631008E-01   0.260457E-01   0.452432E-01   0.931971E-01   0.363240E-01
   0.210350E+02   0.488000E+01   0.689547E+01   0.642181E+00   0.702613E-01   0.303701E-01   0.507135E-01   0.657752E-01   0.284293E-01   0.476641E-01   0.606855E-01   0.248381E-01   0.434849E-01   0.930613E-01   0.363189E-01
   0.210350E+02   0.490000E+01   0.692373E+01   0.647074E+00   0.680781E-01   0.292033E-01   0.490753E-01   0.635588E-01   0.272628E-01   0.460129E-01   0.583059E-01   0.236632E-01   0.417600E-01   0.929384E-01   0.363147E-01
   0.210350E+02   0.492000E+01   0.695199E+01   0.652002E+00   0.659209E-01   0.280626E-01   0.474627E-01   0.613743E-01   0.261252E-01   0.443913E-01   0.559634E-01   0.225211E-01   0.400689E-01   0.928288E-01   0.363117E-01
   0.210350E+02   0.494000E+01   0.698025E+01   0.656965E+00   0.637906E-01   0.269484E-01   0.458767E-01   0.592230E-01   0.250166E-01   0.428003E-01   0.536593E-01   0.214120E-01   0.384131E-01   0.927329E-01   0.363103E-01
   0.210350E+02   0.496000E+01   0.700851E+01   0.661963E+00   0.616876E-01   0.258603E-01   0.443172E-01   0.571051E-01   0.239369E-01   0.412397E-01   0.513945E-01   0.203358E-01   0.367923E-01   0.926513E-01   0.363106E-01
   0.210350E+02   0.498000E+01   0.703677E+01   0.666997E+00   0.596127E-01   0.247986E-01   0.427842E-01   0.550212E-01   0.228861E-01   0.397097E-01   0.491699E-01   0.192923E-01   0.352069E-01   0.925843E-01   0.363133E-01
   0.210350E+02   0.500000E+01   0.706503E+01   0.672066E+00   0.575665E-01   0.237632E-01   0.412782E-01   0.529721E-01   0.218641E-01   0.382104E-01   0.469866E-01   0.182814E-01   0.336572E-01   0.925327E-01   0.363187E-01
   0.210350E+02   0.502000E+01   0.709329E+01   0.677172E+00   0.555496E-01   0.227541E-01   0.397993E-01   0.509585E-01   0.208708E-01   0.367422E-01   0.448459E-01   0.173030E-01   0.321438E-01   0.924970E-01   0.363275E-01
   0.210350E+02   0.504000E+01   0.712155E+01   0.682315E+00   0.535630E-01   0.217712E-01   0.383479E-01   0.489812E-01   0.199061E-01   0.353053E-01   0.427490E-01   0.163571E-01   0.306671E-01   0.924778E-01   0.363404E-01
   0.210350E+02   0.506000E+01   0.714981E+01   0.687494E+00   0.516069E-01   0.208146E-01   0.369241E-01   0.470405E-01   0.189699E-01   0.338996E-01   0.406966E-01   0.154433E-01   0.292271E-01   0.924759E-01   0.363583E-01
   0.210350E+02   0.508000E+01   0.717807E+01   0.692712E+00   0.496819E-01   0.198840E-01   0.355279E-01   0.451369E-01   0.180620E-01   0.325253E-01   0.386894E-01   0.145615E-01   0.278240E-01   0.924922E-01   0.363821E-01
   0.210350E+02   0.510000E+01   0.720633E+01   0.697967E+00   0.477888E-01   0.189794E-01   0.341595E-01   0.432711E-01   0.171822E-01   0.311824E-01   0.367284E-01   0.137114E-01   0.264580E-01   0.925274E-01   0.364133E-01
   0.210350E+02   0.512000E+01   0.723459E+01   0.703260E+00   0.459282E-01   0.181007E-01   0.328188E-01   0.414437E-01   0.163303E-01   0.298709E-01   0.348153E-01   0.128926E-01   0.251295E-01   0.925826E-01   0.364534E-01
   0.210350E+02   0.514000E+01   0.726285E+01   0.708593E+00   0.441006E-01   0.172478E-01   0.315063E-01   0.396552E-01   0.155060E-01   0.285909E-01   0.329501E-01   0.121050E-01   0.238385E-01   0.926588E-01   0.365044E-01
   0.210350E+02   0.516000E+01   0.729111E+01   0.713964E+00   0.423066E-01   0.164203E-01   0.302221E-01   0.379058E-01   0.147091E-01   0.273426E-01   0.311338E-01   0.113481E-01   0.225853E-01   0.927571E-01   0.365685E-01
   0.210350E+02   0.518000E+01   0.731937E+01   0.719375E+00   0.405465E-01   0.156182E-01   0.289665E-01   0.361960E-01   0.139393E-01   0.261262E-01   0.293671E-01   0.106216E-01   0.213700E-01   0.928789E-01   0.366489E-01
   0.210350E+02   0.520000E+01   0.734763E+01   0.724826E+00   0.388214E-01   0.148412E-01   0.277399E-01   0.345267E-01   0.131962E-01   0.249418E-01   0.276513E-01   0.992495E-02   0.201932E-01   0.930255E-01   0.367491E-01
   0.210350E+02   0.522000E+01   0.737589E+01   0.730318E+00   0.371314E-01   0.140890E-01   0.265421E-01   0.328979E-01   0.124795E-01   0.237894E-01   0.259868E-01   0.925784E-02   0.190546E-01   0.931985E-01   0.368737E-01
   0.210350E+02   0.524000E+01   0.740415E+01   0.735851E+00   0.354771E-01   0.133615E-01   0.253734E-01   0.313100E-01   0.117889E-01   0.226689E-01   0.243742E-01   0.861986E-02   0.179543E-01   0.933997E-01   0.370283E-01
   0.210350E+02   0.526000E+01   0.743241E+01   0.741425E+00   0.338587E-01   0.126584E-01   0.242339E-01   0.297631E-01   0.111240E-01   0.215804E-01   0.228139E-01   0.801050E-02   0.168923E-01   0.936309E-01   0.372200E-01
   0.210350E+02   0.528000E+01   0.746067E+01   0.747041E+00   0.322770E-01   0.119793E-01   0.231237E-01   0.282577E-01   0.104845E-01   0.205239E-01   0.213070E-01   0.742921E-02   0.158688E-01   0.938944E-01   0.374571E-01
   0.210350E+02   0.530000E+01   0.748893E+01   0.752699E+00   0.307322E-01   0.113240E-01   0.220430E-01   0.267940E-01   0.986977E-02   0.194993E-01   0.198538E-01   0.687547E-02   0.148836E-01   0.941925E-01   0.377502E-01
   0.210350E+02   0.532000E+01   0.751719E+01   0.758400E+00   0.292249E-01   0.106922E-01   0.209916E-01   0.253722E-01   0.927965E-02   0.185064E-01   0.184546E-01   0.634886E-02   0.139365E-01   0.945279E-01   0.381118E-01
   0.210350E+02   0.534000E+01   0.754545E+01   0.764145E+00   0.277553E-01   0.100835E-01   0.199695E-01   0.239924E-01   0.871362E-02   0.175451E-01   0.171096E-01   0.584878E-02   0.130272E-01   0.949036E-01   0.385572E-01
   0.210350E+02   0.536000E+01   0.757371E+01   0.769933E+00   0.263240E-01   0.949767E-02   0.189768E-01   0.226550E-01   0.817114E-02   0.166151E-01   0.158196E-01   0.537457E-02   0.121558E-01   0.953230E-01   0.391041E-01
   0.210350E+02   0.538000E+01   0.760197E+01   0.775766E+00   0.249312E-01   0.893417E-02   0.180133E-01   0.213600E-01   0.765174E-02   0.157162E-01   0.145847E-01   0.492564E-02   0.113219E-01   0.957900E-01   0.397733E-01
   0.210350E+02   0.540000E+01   0.763023E+01   0.781643E+00   0.235773E-01   0.839283E-02   0.170790E-01   0.201075E-01   0.715510E-02   0.148483E-01   0.134047E-01   0.450154E-02   0.105250E-01   0.963087E-01   0.405881E-01
   0.210350E+02   0.542000E+01   0.765849E+01   0.787566E+00   0.222626E-01   0.787321E-02   0.161737E-01   0.188974E-01   0.668068E-02   0.140110E-01   0.122797E-01   0.410161E-02   0.976485E-02   0.968843E-01   0.415743E-01
   0.210350E+02   0.544000E+01   0.768675E+01   0.793535E+00   0.209873E-01   0.737481E-02   0.152971E-01   0.177299E-01   0.622783E-02   0.132039E-01   0.112100E-01   0.372501E-02   0.904103E-02   0.975221E-01   0.427594E-01
   0.210350E+02   0.546000E+01   0.771501E+01   0.799550E+00   0.197518E-01   0.689730E-02   0.144493E-01   0.166049E-01   0.579615E-02   0.124267E-01   0.101953E-01   0.337123E-02   0.835310E-02   0.982287E-01   0.441715E-01
   0.210350E+02   0.548000E+01   0.774327E+01   0.805612E+00   0.185562E-01   0.644037E-02   0.136303E-01   0.155222E-01   0.538522E-02   0.116793E-01   0.923531E-02   0.303981E-02   0.770062E-02   0.990112E-01   0.458381E-01
   0.210350E+02   0.550000E+01   0.777153E+01   0.811722E+00   0.174006E-01   0.600361E-02   0.128399E-01   0.144816E-01   0.499454E-02   0.109615E-01   0.832971E-02   0.273016E-02   0.708311E-02   0.998780E-01   0.477843E-01
   0.210350E+02   0.552000E+01   0.779979E+01   0.817880E+00   0.162852E-01   0.558642E-02   0.120782E-01   0.134831E-01   0.462336E-02   0.102730E-01   0.747868E-02   0.244147E-02   0.650015E-02   0.100839E+00   0.500315E-01
   0.210350E+02   0.554000E+01   0.782805E+01   0.824087E+00   0.152102E-01   0.518854E-02   0.113448E-01   0.125265E-01   0.427134E-02   0.961329E-02   0.668127E-02   0.217322E-02   0.595102E-02   0.101905E+00   0.525959E-01
   0.210350E+02   0.556000E+01   0.785631E+01   0.830342E+00   0.141754E-01   0.480959E-02   0.106397E-01   0.116113E-01   0.393802E-02   0.898210E-02   0.593668E-02   0.192479E-02   0.543502E-02   0.103088E+00   0.554878E-01
   0.210350E+02   0.558000E+01   0.788458E+01   0.836648E+00   0.131810E-01   0.444912E-02   0.996246E-02   0.107372E-01   0.362283E-02   0.837895E-02   0.524420E-02   0.169547E-02   0.495144E-02   0.104404E+00   0.587111E-01
   0.210350E+02   0.560000E+01   0.791284E+01   0.843004E+00   0.122269E-01   0.410649E-02   0.931287E-02   0.990399E-02   0.332500E-02   0.780334E-02   0.460334E-02   0.148431E-02   0.449955E-02   0.105869E+00   0.622645E-01
   0.210350E+02   0.562000E+01   0.794110E+01   0.849411E+00   0.113130E-01   0.378150E-02   0.869069E-02   0.911113E-02   0.304428E-02   0.725487E-02   0.401265E-02   0.129093E-02   0.407842E-02   0.107503E+00   0.661423E-01
   0.210350E+02   0.564000E+01   0.796936E+01   0.855869E+00   0.104393E-01   0.347375E-02   0.809559E-02   0.835822E-02   0.278015E-02   0.673305E-02   0.347100E-02   0.111467E-02   0.368715E-02   0.109328E+00   0.703373E-01
   0.210350E+02   0.566000E+01   0.799762E+01   0.862380E+00   0.960576E-02   0.318271E-02   0.752719E-02   0.764476E-02   0.253199E-02   0.623725E-02   0.297735E-02   0.954705E-03   0.332471E-02   0.111369E+00   0.748428E-01
   0.210350E+02   0.568000E+01   0.802588E+01   0.868944E+00   0.881210E-02   0.290794E-02   0.698510E-02   0.697021E-02   0.229924E-02   0.576689E-02   0.253029E-02   0.810342E-03   0.299008E-02   0.113652E+00   0.796561E-01
   0.210350E+02   0.570000E+01   0.805414E+01   0.875562E+00   0.805812E-02   0.264910E-02   0.646903E-02   0.633400E-02   0.208152E-02   0.532158E-02   0.212808E-02   0.681002E-03   0.268231E-02   0.116207E+00   0.847797E-01
   0.210350E+02   0.572000E+01   0.808240E+01   0.882233E+00   0.734347E-02   0.240570E-02   0.597852E-02   0.573543E-02   0.187825E-02   0.490067E-02   0.176899E-02   0.565949E-03   0.240028E-02   0.119061E+00   0.902230E-01
   0.210350E+02   0.574000E+01   0.811066E+01   0.888960E+00   0.666792E-02   0.217699E-02   0.551318E-02   0.517377E-02   0.168859E-02   0.450352E-02   0.145151E-02   0.464279E-03   0.214276E-02   0.122235E+00   0.959974E-01
   0.210350E+02   0.576000E+01   0.813892E+01   0.895742E+00   0.603092E-02   0.196283E-02   0.507247E-02   0.464825E-02   0.151232E-02   0.412954E-02   0.117337E-02   0.375395E-03   0.190865E-02   0.125738E+00   0.102109E+00
   0.210350E+02   0.578000E+01   0.816718E+01   0.902580E+00   0.543202E-02   0.176284E-02   0.465590E-02   0.415809E-02   0.134900E-02   0.377809E-02   0.932475E-03   0.298549E-03   0.169676E-02   0.129547E+00   0.108539E+00
   0.210350E+02   0.580000E+01   0.819544E+01   0.909476E+00   0.487059E-02   0.157652E-02   0.426284E-02   0.370225E-02   0.119800E-02   0.344835E-02   0.726566E-03   0.232862E-03   0.150561E-02   0.133590E+00   0.115206E+00
   0.210350E+02   0.582000E+01   0.822370E+01   0.916428E+00   0.434608E-02   0.140347E-02   0.389272E-02   0.327988E-02   0.105887E-02   0.313964E-02   0.553282E-03   0.177534E-03   0.133395E-02   0.137706E+00   0.121921E+00
   0.210350E+02   0.584000E+01   0.825196E+01   0.923440E+00   0.385782E-02   0.124330E-02   0.354490E-02   0.289006E-02   0.931172E-03   0.285126E-02   0.410060E-03   0.131798E-03   0.118062E-02   0.141613E+00   0.128320E+00
   0.210350E+02   0.586000E+01   0.828022E+01   0.930510E+00   0.340513E-02   0.109555E-02   0.321868E-02   0.253178E-02   0.814386E-03   0.258241E-02   0.294304E-03   0.948009E-04   0.104420E-02   0.144884E+00   0.133833E+00
   0.210350E+02   0.588000E+01   0.830848E+01   0.937641E+00   0.298718E-02   0.959658E-03   0.291318E-02   0.220382E-02   0.707854E-03   0.233209E-02   0.203335E-03   0.656449E-04   0.923027E-03   0.146985E+00   0.137733E+00
   0.210350E+02   0.590000E+01   0.833674E+01   0.944832E+00   0.260314E-02   0.835316E-03   0.262797E-02   0.190525E-02   0.611265E-03   0.209982E-02   0.133900E-03   0.433409E-04   0.816218E-03   0.147411E+00   0.139343E+00
   0.210350E+02   0.592000E+01   0.836500E+01   0.952085E+00   0.225203E-02   0.722058E-03   0.236233E-02   0.163487E-02   0.524114E-03   0.188481E-02   0.827727E-04   0.268700E-04   0.722455E-03   0.145885E+00   0.138354E+00
   0.210350E+02   0.594000E+01   0.839326E+01   0.959399E+00   0.196558E-02   0.629781E-03   0.216305E-02   0.141350E-02   0.452849E-03   0.172407E-02   0.444309E-04   0.144827E-04   0.654842E-03   0.142514E+00   0.135047E+00
   0.210350E+02   0.596000E+01   0.842152E+01   0.966777E+00   0.169270E-02   0.542125E-03   0.195728E-02   0.120618E-02   0.386283E-03   0.155944E-02   0.185740E-04   0.609262E-05   0.590061E-03   0.137753E+00   0.130212E+00
   0.210350E+02   0.598000E+01   0.844978E+01   0.974219E+00   0.140543E-02   0.450061E-03   0.170425E-02   0.993367E-03   0.318101E-03   0.135807E-02   0.333462E-05   0.111484E-05   0.514244E-03   0.132209E+00   0.124806E+00
   0.210350E+02   0.600000E+01   0.847804E+01   0.981725E+00   0.107984E-02   0.345835E-03   0.136803E-02   0.758091E-03   0.242801E-03   0.109083E-02   0.000000E+00   0.000000E+00   0.414768E-03   0.126435E+00   0.119623E+00
