   0.329850E+02   0.122000E+01   0.416972E+01   0.236839E+00   0.329080E+00   0.237593E+00   0.280942E+00   0.337406E+00   0.243561E+00   0.288003E+00   0.338578E+00   0.243516E+00   0.288620E+00   0.160635E+00   0.385988E-01
   0.329850E+02   0.124000E+01   0.423808E+01   0.241236E+00   0.326898E+00   0.234598E+00   0.278301E+00   0.335165E+00   0.240487E+00   0.285286E+00   0.336427E+00   0.240495E+00   0.285972E+00   0.157884E+00   0.385267E-01
   0.329850E+02   0.126000E+01   0.430644E+01   0.245651E+00   0.324640E+00   0.231594E+00   0.275615E+00   0.332838E+00   0.237398E+00   0.282517E+00   0.334187E+00   0.237458E+00   0.283269E+00   0.155211E+00   0.384591E-01
   0.329850E+02   0.128000E+01   0.437479E+01   0.250086E+00   0.322243E+00   0.228546E+00   0.272842E+00   0.330396E+00   0.234286E+00   0.279682E+00   0.331844E+00   0.234402E+00   0.280509E+00   0.152614E+00   0.383960E-01
   0.329850E+02   0.130000E+01   0.444315E+01   0.254540E+00   0.319759E+00   0.225485E+00   0.270028E+00   0.327865E+00   0.231159E+00   0.276805E+00   0.329413E+00   0.231333E+00   0.277707E+00   0.150089E+00   0.383374E-01
   0.329850E+02   0.132000E+01   0.451151E+01   0.259013E+00   0.317201E+00   0.222418E+00   0.267217E+00   0.325249E+00   0.228022E+00   0.273925E+00   0.326897E+00   0.228252E+00   0.274901E+00   0.147634E+00   0.382832E-01
   0.329850E+02   0.134000E+01   0.457986E+01   0.263505E+00   0.314571E+00   0.219347E+00   0.264384E+00   0.322554E+00   0.224875E+00   0.271016E+00   0.324297E+00   0.225159E+00   0.272063E+00   0.145248E+00   0.382334E-01
   0.329850E+02   0.136000E+01   0.464822E+01   0.268017E+00   0.311871E+00   0.216271E+00   0.261520E+00   0.319779E+00   0.221718E+00   0.268069E+00   0.321615E+00   0.222055E+00   0.269184E+00   0.142929E+00   0.381880E-01
   0.329850E+02   0.138000E+01   0.471657E+01   0.272548E+00   0.309103E+00   0.213190E+00   0.258618E+00   0.316927E+00   0.218551E+00   0.265078E+00   0.318853E+00   0.218938E+00   0.266258E+00   0.140674E+00   0.381469E-01
   0.329850E+02   0.140000E+01   0.478493E+01   0.277099E+00   0.306267E+00   0.210105E+00   0.255656E+00   0.313998E+00   0.215376E+00   0.262019E+00   0.316010E+00   0.215809E+00   0.263261E+00   0.138481E+00   0.381100E-01
   0.329850E+02   0.142000E+01   0.485329E+01   0.281669E+00   0.303365E+00   0.207016E+00   0.252644E+00   0.310996E+00   0.212191E+00   0.258904E+00   0.313088E+00   0.212668E+00   0.260204E+00   0.136349E+00   0.380772E-01
   0.329850E+02   0.144000E+01   0.492164E+01   0.286260E+00   0.300400E+00   0.203922E+00   0.249592E+00   0.307920E+00   0.208998E+00   0.255743E+00   0.310090E+00   0.209515E+00   0.257097E+00   0.134276E+00   0.380484E-01
   0.329850E+02   0.146000E+01   0.499000E+01   0.290871E+00   0.297371E+00   0.200825E+00   0.246504E+00   0.304774E+00   0.205796E+00   0.252538E+00   0.307017E+00   0.206350E+00   0.253943E+00   0.132259E+00   0.380235E-01
   0.329850E+02   0.148000E+01   0.505835E+01   0.295502E+00   0.294282E+00   0.197724E+00   0.243383E+00   0.301559E+00   0.202586E+00   0.249296E+00   0.303869E+00   0.203173E+00   0.250746E+00   0.130297E+00   0.380024E-01
   0.329850E+02   0.150000E+01   0.512671E+01   0.300153E+00   0.291133E+00   0.194619E+00   0.240233E+00   0.298277E+00   0.199368E+00   0.246018E+00   0.300651E+00   0.199985E+00   0.247509E+00   0.128389E+00   0.379849E-01
   0.329850E+02   0.152000E+01   0.519507E+01   0.304825E+00   0.287927E+00   0.191510E+00   0.237054E+00   0.294929E+00   0.196143E+00   0.242706E+00   0.297362E+00   0.196785E+00   0.244234E+00   0.126533E+00   0.379710E-01
   0.329850E+02   0.154000E+01   0.526342E+01   0.309518E+00   0.284666E+00   0.188398E+00   0.233851E+00   0.291519E+00   0.192910E+00   0.239365E+00   0.294005E+00   0.193573E+00   0.240924E+00   0.124726E+00   0.379605E-01
   0.329850E+02   0.156000E+01   0.533178E+01   0.314231E+00   0.281350E+00   0.185281E+00   0.230630E+00   0.288048E+00   0.189669E+00   0.236002E+00   0.290582E+00   0.190349E+00   0.237587E+00   0.122968E+00   0.379533E-01
   0.329850E+02   0.158000E+01   0.540013E+01   0.318965E+00   0.277983E+00   0.182161E+00   0.227394E+00   0.284519E+00   0.186422E+00   0.232619E+00   0.287095E+00   0.187112E+00   0.234225E+00   0.121258E+00   0.379493E-01
   0.329850E+02   0.160000E+01   0.546849E+01   0.323720E+00   0.274566E+00   0.179037E+00   0.224136E+00   0.280933E+00   0.183167E+00   0.229211E+00   0.283545E+00   0.183864E+00   0.230832E+00   0.119593E+00   0.379483E-01
   0.329850E+02   0.162000E+01   0.553685E+01   0.328496E+00   0.271101E+00   0.175909E+00   0.220857E+00   0.277293E+00   0.179907E+00   0.225776E+00   0.279936E+00   0.180605E+00   0.227408E+00   0.117972E+00   0.379502E-01
   0.329850E+02   0.164000E+01   0.560520E+01   0.333294E+00   0.267591E+00   0.172777E+00   0.217550E+00   0.273603E+00   0.176640E+00   0.222310E+00   0.276269E+00   0.177334E+00   0.223946E+00   0.116395E+00   0.379550E-01
   0.329850E+02   0.166000E+01   0.567356E+01   0.338113E+00   0.264039E+00   0.169641E+00   0.214212E+00   0.269864E+00   0.173366E+00   0.218809E+00   0.272547E+00   0.174052E+00   0.220444E+00   0.114859E+00   0.379625E-01
   0.329850E+02   0.168000E+01   0.574192E+01   0.342954E+00   0.260444E+00   0.166503E+00   0.210854E+00   0.266078E+00   0.170087E+00   0.215285E+00   0.268772E+00   0.170760E+00   0.216912E+00   0.113363E+00   0.379725E-01
   0.329850E+02   0.170000E+01   0.581027E+01   0.347816E+00   0.256811E+00   0.163362E+00   0.207479E+00   0.262249E+00   0.166804E+00   0.211741E+00   0.264946E+00   0.167459E+00   0.213355E+00   0.111907E+00   0.379851E-01
   0.329850E+02   0.172000E+01   0.587863E+01   0.352701E+00   0.253140E+00   0.160219E+00   0.204092E+00   0.258378E+00   0.163518E+00   0.208183E+00   0.261072E+00   0.164148E+00   0.209778E+00   0.110489E+00   0.380000E-01
   0.329850E+02   0.174000E+01   0.594698E+01   0.357607E+00   0.249435E+00   0.157075E+00   0.200706E+00   0.254469E+00   0.160229E+00   0.204623E+00   0.257153E+00   0.160829E+00   0.206194E+00   0.109107E+00   0.380172E-01
   0.329850E+02   0.176000E+01   0.601534E+01   0.362536E+00   0.245697E+00   0.153931E+00   0.197308E+00   0.250523E+00   0.156939E+00   0.201051E+00   0.253191E+00   0.157504E+00   0.202591E+00   0.107762E+00   0.380366E-01
   0.329850E+02   0.178000E+01   0.608370E+01   0.367487E+00   0.241928E+00   0.150786E+00   0.193897E+00   0.246543E+00   0.153649E+00   0.197464E+00   0.249188E+00   0.154173E+00   0.198968E+00   0.106451E+00   0.380581E-01
   0.329850E+02   0.180000E+01   0.615205E+01   0.372460E+00   0.238131E+00   0.147644E+00   0.190472E+00   0.242531E+00   0.150359E+00   0.193861E+00   0.245146E+00   0.150838E+00   0.195323E+00   0.105175E+00   0.380816E-01
   0.329850E+02   0.182000E+01   0.622041E+01   0.377456E+00   0.234307E+00   0.144503E+00   0.187019E+00   0.238491E+00   0.147071E+00   0.190229E+00   0.241069E+00   0.147499E+00   0.191643E+00   0.103931E+00   0.381071E-01
   0.329850E+02   0.184000E+01   0.628876E+01   0.382475E+00   0.230436E+00   0.141359E+00   0.183541E+00   0.234418E+00   0.143791E+00   0.186584E+00   0.236973E+00   0.144173E+00   0.187959E+00   0.102719E+00   0.381343E-01
   0.329850E+02   0.186000E+01   0.635712E+01   0.387517E+00   0.226544E+00   0.138221E+00   0.180058E+00   0.230322E+00   0.140517E+00   0.182933E+00   0.232848E+00   0.140849E+00   0.184265E+00   0.101539E+00   0.381634E-01
   0.329850E+02   0.188000E+01   0.642548E+01   0.392582E+00   0.222633E+00   0.135091E+00   0.176574E+00   0.226205E+00   0.137250E+00   0.179280E+00   0.228695E+00   0.137528E+00   0.180563E+00   0.100388E+00   0.381942E-01
   0.329850E+02   0.190000E+01   0.649383E+01   0.397670E+00   0.218708E+00   0.131969E+00   0.173106E+00   0.222071E+00   0.133991E+00   0.175644E+00   0.224518E+00   0.134211E+00   0.176873E+00   0.992669E-01   0.382266E-01
   0.329850E+02   0.192000E+01   0.656219E+01   0.402782E+00   0.214769E+00   0.128858E+00   0.169643E+00   0.217922E+00   0.130743E+00   0.172010E+00   0.220318E+00   0.130900E+00   0.173180E+00   0.981743E-01   0.382605E-01
   0.329850E+02   0.194000E+01   0.663055E+01   0.407917E+00   0.210818E+00   0.125758E+00   0.166181E+00   0.213760E+00   0.127506E+00   0.168379E+00   0.216098E+00   0.127597E+00   0.169483E+00   0.971095E-01   0.382960E-01
   0.329850E+02   0.196000E+01   0.669890E+01   0.413076E+00   0.206859E+00   0.122670E+00   0.162720E+00   0.209587E+00   0.124283E+00   0.164749E+00   0.211861E+00   0.124304E+00   0.165783E+00   0.960717E-01   0.383330E-01
   0.329850E+02   0.198000E+01   0.676726E+01   0.418259E+00   0.202892E+00   0.119598E+00   0.159249E+00   0.205406E+00   0.121075E+00   0.161108E+00   0.207608E+00   0.121023E+00   0.162067E+00   0.950604E-01   0.383713E-01
   0.329850E+02   0.200000E+01   0.683561E+01   0.423467E+00   0.198921E+00   0.116541E+00   0.155780E+00   0.201220E+00   0.117885E+00   0.157470E+00   0.203343E+00   0.117756E+00   0.158349E+00   0.940746E-01   0.384110E-01
   0.329850E+02   0.202000E+01   0.690397E+01   0.428698E+00   0.194946E+00   0.113502E+00   0.152318E+00   0.197031E+00   0.114713E+00   0.153840E+00   0.199067E+00   0.114504E+00   0.154635E+00   0.931139E-01   0.384520E-01
   0.329850E+02   0.204000E+01   0.697233E+01   0.433954E+00   0.190969E+00   0.110482E+00   0.148867E+00   0.192841E+00   0.111562E+00   0.150223E+00   0.194784E+00   0.111271E+00   0.150929E+00   0.921775E-01   0.384943E-01
   0.329850E+02   0.206000E+01   0.704068E+01   0.439234E+00   0.186994E+00   0.107483E+00   0.145439E+00   0.188653E+00   0.108435E+00   0.146630E+00   0.190495E+00   0.108059E+00   0.147244E+00   0.912649E-01   0.385378E-01
   0.329850E+02   0.208000E+01   0.710904E+01   0.444540E+00   0.183022E+00   0.104508E+00   0.142028E+00   0.184469E+00   0.105332E+00   0.143056E+00   0.186203E+00   0.104869E+00   0.143573E+00   0.903754E-01   0.385825E-01
   0.329850E+02   0.210000E+01   0.717739E+01   0.449870E+00   0.179054E+00   0.101556E+00   0.138635E+00   0.180290E+00   0.102256E+00   0.139502E+00   0.181911E+00   0.101703E+00   0.139918E+00   0.895086E-01   0.386283E-01
   0.329850E+02   0.212000E+01   0.724575E+01   0.455225E+00   0.175093E+00   0.986299E-01   0.135260E+00   0.176120E+00   0.992076E-01   0.135968E+00   0.177620E+00   0.985647E-01   0.136281E+00   0.886637E-01   0.386752E-01
   0.329850E+02   0.214000E+01   0.731411E+01   0.460606E+00   0.171141E+00   0.957316E-01   0.131903E+00   0.171961E+00   0.961899E-01   0.132456E+00   0.173334E+00   0.954554E-01   0.132661E+00   0.878404E-01   0.387232E-01
   0.329850E+02   0.216000E+01   0.738246E+01   0.466012E+00   0.167198E+00   0.928623E-01   0.128566E+00   0.167815E+00   0.932043E-01   0.128967E+00   0.169055E+00   0.923773E-01   0.129061E+00   0.870382E-01   0.387723E-01
   0.329850E+02   0.218000E+01   0.745082E+01   0.471444E+00   0.163268E+00   0.900234E-01   0.125250E+00   0.163684E+00   0.902522E-01   0.125501E+00   0.164785E+00   0.893325E-01   0.125483E+00   0.862564E-01   0.388224E-01
   0.329850E+02   0.220000E+01   0.751918E+01   0.476901E+00   0.159352E+00   0.872166E-01   0.121957E+00   0.159570E+00   0.873356E-01   0.122062E+00   0.160527E+00   0.863232E-01   0.121928E+00   0.854948E-01   0.388735E-01
   0.329850E+02   0.222000E+01   0.758753E+01   0.482385E+00   0.155452E+00   0.844440E-01   0.118682E+00   0.155476E+00   0.844569E-01   0.118645E+00   0.156283E+00   0.833523E-01   0.118394E+00   0.847528E-01   0.389256E-01
   0.329850E+02   0.224000E+01   0.765589E+01   0.487895E+00   0.151570E+00   0.817065E-01   0.115433E+00   0.151404E+00   0.816170E-01   0.115258E+00   0.152057E+00   0.804210E-01   0.114888E+00   0.840300E-01   0.389786E-01
   0.329850E+02   0.226000E+01   0.772424E+01   0.493431E+00   0.147707E+00   0.790055E-01   0.112214E+00   0.147356E+00   0.788175E-01   0.111905E+00   0.147849E+00   0.775310E-01   0.111415E+00   0.833260E-01   0.390326E-01
   0.329850E+02   0.228000E+01   0.779260E+01   0.498994E+00   0.143866E+00   0.763426E-01   0.109030E+00   0.143333E+00   0.760601E-01   0.108591E+00   0.143664E+00   0.746844E-01   0.107979E+00   0.826405E-01   0.390874E-01
   0.329850E+02   0.230000E+01   0.786096E+01   0.504584E+00   0.140048E+00   0.737196E-01   0.105889E+00   0.139340E+00   0.733468E-01   0.105325E+00   0.139503E+00   0.718836E-01   0.104591E+00   0.819729E-01   0.391432E-01
   0.329850E+02   0.232000E+01   0.792931E+01   0.510201E+00   0.136255E+00   0.711373E-01   0.102784E+00   0.135376E+00   0.706784E-01   0.102100E+00   0.135368E+00   0.691296E-01   0.101242E+00   0.813231E-01   0.391999E-01
   0.329850E+02   0.234000E+01   0.799767E+01   0.515845E+00   0.132489E+00   0.685970E-01   0.997134E-01   0.131445E+00   0.680563E-01   0.989135E-01   0.131263E+00   0.664241E-01   0.979329E-01   0.806907E-01   0.392574E-01
   0.329850E+02   0.236000E+01   0.806602E+01   0.521516E+00   0.128752E+00   0.661000E-01   0.966735E-01   0.127548E+00   0.654821E-01   0.957635E-01   0.127189E+00   0.637688E-01   0.946600E-01   0.800752E-01   0.393158E-01
   0.329850E+02   0.238000E+01   0.813438E+01   0.527215E+00   0.125045E+00   0.636479E-01   0.936610E-01   0.123688E+00   0.629574E-01   0.926461E-01   0.123150E+00   0.611657E-01   0.914205E-01   0.794765E-01   0.393750E-01
   0.329850E+02   0.240000E+01   0.820274E+01   0.532942E+00   0.121370E+00   0.612412E-01   0.906841E-01   0.119867E+00   0.604826E-01   0.895697E-01   0.119146E+00   0.586155E-01   0.882230E-01   0.788943E-01   0.394351E-01
   0.329850E+02   0.242000E+01   0.827109E+01   0.538697E+00   0.117728E+00   0.588807E-01   0.877453E-01   0.116085E+00   0.580587E-01   0.865370E-01   0.115181E+00   0.561194E-01   0.850704E-01   0.783282E-01   0.394959E-01
   0.329850E+02   0.244000E+01   0.833945E+01   0.544480E+00   0.114122E+00   0.565679E-01   0.848489E-01   0.112346E+00   0.556871E-01   0.835522E-01   0.111258E+00   0.536792E-01   0.819674E-01   0.777780E-01   0.395577E-01
   0.329850E+02   0.246000E+01   0.840780E+01   0.550291E+00   0.110553E+00   0.543037E-01   0.819969E-01   0.108651E+00   0.533689E-01   0.806176E-01   0.107378E+00   0.512961E-01   0.789166E-01   0.772434E-01   0.396202E-01
   0.329850E+02   0.248000E+01   0.847616E+01   0.556131E+00   0.107023E+00   0.520884E-01   0.791892E-01   0.105001E+00   0.511043E-01   0.777329E-01   0.103544E+00   0.489704E-01   0.759180E-01   0.767243E-01   0.396835E-01
   0.329850E+02   0.250000E+01   0.854452E+01   0.562000E+00   0.103533E+00   0.499227E-01   0.764268E-01   0.101399E+00   0.488939E-01   0.748994E-01   0.997571E-01   0.467031E-01   0.729732E-01   0.762205E-01   0.397477E-01
   0.329850E+02   0.252000E+01   0.861287E+01   0.567898E+00   0.100084E+00   0.478076E-01   0.737131E-01   0.978464E-01   0.467389E-01   0.721204E-01   0.960212E-01   0.444957E-01   0.700858E-01   0.757316E-01   0.398127E-01
   0.329850E+02   0.254000E+01   0.868123E+01   0.573825E+00   0.966782E-01   0.457434E-01   0.710475E-01   0.943447E-01   0.446394E-01   0.693954E-01   0.923378E-01   0.423485E-01   0.672555E-01   0.752576E-01   0.398785E-01
   0.329850E+02   0.256000E+01   0.874959E+01   0.579782E+00   0.933169E-01   0.437305E-01   0.684295E-01   0.908953E-01   0.425957E-01   0.667237E-01   0.887087E-01   0.402616E-01   0.644823E-01   0.747982E-01   0.399451E-01
   0.329850E+02   0.258000E+01   0.881794E+01   0.585768E+00   0.900015E-01   0.417691E-01   0.658591E-01   0.874996E-01   0.406081E-01   0.641057E-01   0.851361E-01   0.382356E-01   0.617664E-01   0.743534E-01   0.400125E-01
   0.329850E+02   0.260000E+01   0.888630E+01   0.591784E+00   0.867339E-01   0.398601E-01   0.633359E-01   0.841598E-01   0.386774E-01   0.615408E-01   0.816228E-01   0.362715E-01   0.591079E-01   0.739229E-01   0.400807E-01
   0.329850E+02   0.262000E+01   0.895465E+01   0.597831E+00   0.835149E-01   0.380033E-01   0.608611E-01   0.808767E-01   0.368032E-01   0.590301E-01   0.781700E-01   0.343689E-01   0.565080E-01   0.735067E-01   0.401498E-01
   0.329850E+02   0.264000E+01   0.902301E+01   0.603907E+00   0.803458E-01   0.361988E-01   0.584353E-01   0.776516E-01   0.349854E-01   0.565742E-01   0.747795E-01   0.325278E-01   0.539677E-01   0.731046E-01   0.402198E-01
   0.329850E+02   0.266000E+01   0.909137E+01   0.610015E+00   0.772282E-01   0.344468E-01   0.560590E-01   0.744862E-01   0.332244E-01   0.541737E-01   0.714536E-01   0.307484E-01   0.514877E-01   0.727166E-01   0.402907E-01
   0.329850E+02   0.268000E+01   0.915972E+01   0.616153E+00   0.741634E-01   0.327475E-01   0.537328E-01   0.713819E-01   0.315201E-01   0.518290E-01   0.681943E-01   0.290309E-01   0.490689E-01   0.723426E-01   0.403624E-01
   0.329850E+02   0.270000E+01   0.922808E+01   0.622322E+00   0.711524E-01   0.311005E-01   0.514575E-01   0.683395E-01   0.298720E-01   0.495408E-01   0.650028E-01   0.273746E-01   0.467121E-01   0.719825E-01   0.404351E-01
   0.329850E+02   0.272000E+01   0.929643E+01   0.628523E+00   0.682206E-01   0.295208E-01   0.492530E-01   0.653746E-01   0.282902E-01   0.473220E-01   0.618917E-01   0.257844E-01   0.444259E-01   0.716364E-01   0.405088E-01
   0.329850E+02   0.274000E+01   0.936479E+01   0.634755E+00   0.653554E-01   0.279992E-01   0.471090E-01   0.624802E-01   0.267681E-01   0.451659E-01   0.588559E-01   0.242566E-01   0.422062E-01   0.713041E-01   0.405835E-01
   0.329850E+02   0.276000E+01   0.943315E+01   0.641019E+00   0.625489E-01   0.265293E-01   0.450184E-01   0.596516E-01   0.253010E-01   0.430682E-01   0.558922E-01   0.227884E-01   0.400502E-01   0.709857E-01   0.406594E-01
   0.329850E+02   0.278000E+01   0.950150E+01   0.647315E+00   0.598018E-01   0.251108E-01   0.429816E-01   0.568896E-01   0.238883E-01   0.410289E-01   0.530017E-01   0.213789E-01   0.379580E-01   0.706813E-01   0.407364E-01
   0.329850E+02   0.280000E+01   0.956986E+01   0.653643E+00   0.571149E-01   0.237430E-01   0.409991E-01   0.541950E-01   0.225293E-01   0.390485E-01   0.501858E-01   0.200276E-01   0.359304E-01   0.703908E-01   0.408147E-01
   0.329850E+02   0.282000E+01   0.963822E+01   0.660004E+00   0.544897E-01   0.224257E-01   0.390720E-01   0.515690E-01   0.212237E-01   0.371279E-01   0.474463E-01   0.187339E-01   0.339683E-01   0.701143E-01   0.408945E-01
   0.329850E+02   0.284000E+01   0.970657E+01   0.666397E+00   0.519263E-01   0.211581E-01   0.371993E-01   0.490117E-01   0.199703E-01   0.352660E-01   0.447838E-01   0.174967E-01   0.320709E-01   0.698520E-01   0.409760E-01
   0.329850E+02   0.286000E+01   0.977493E+01   0.672824E+00   0.494255E-01   0.199393E-01   0.353809E-01   0.465238E-01   0.187684E-01   0.334625E-01   0.421992E-01   0.163150E-01   0.302379E-01   0.696040E-01   0.410594E-01
   0.329850E+02   0.288000E+01   0.984328E+01   0.679284E+00   0.469882E-01   0.187688E-01   0.336167E-01   0.441060E-01   0.176171E-01   0.317173E-01   0.396941E-01   0.151879E-01   0.284695E-01   0.693703E-01   0.411452E-01
   0.329850E+02   0.290000E+01   0.991164E+01   0.685777E+00   0.446149E-01   0.176458E-01   0.319064E-01   0.417586E-01   0.165155E-01   0.300300E-01   0.372691E-01   0.141144E-01   0.267653E-01   0.691513E-01   0.412338E-01
   0.329850E+02   0.292000E+01   0.998000E+01   0.692305E+00   0.423060E-01   0.165693E-01   0.302497E-01   0.394817E-01   0.154625E-01   0.283999E-01   0.349245E-01   0.130932E-01   0.251246E-01   0.689471E-01   0.413259E-01
   0.329850E+02   0.294000E+01   0.100484E+02   0.698866E+00   0.400618E-01   0.155386E-01   0.286462E-01   0.372757E-01   0.144572E-01   0.268265E-01   0.326612E-01   0.121232E-01   0.235472E-01   0.687579E-01   0.414225E-01
   0.329850E+02   0.296000E+01   0.101167E+02   0.705461E+00   0.378832E-01   0.145528E-01   0.270954E-01   0.351410E-01   0.134985E-01   0.253092E-01   0.304801E-01   0.112031E-01   0.220325E-01   0.685841E-01   0.415250E-01
   0.329850E+02   0.298000E+01   0.101851E+02   0.712092E+00   0.357701E-01   0.136109E-01   0.255973E-01   0.330774E-01   0.125853E-01   0.238476E-01   0.283810E-01   0.103318E-01   0.205801E-01   0.684260E-01   0.416350E-01
   0.329850E+02   0.300000E+01   0.102534E+02   0.718757E+00   0.337229E-01   0.127119E-01   0.241514E-01   0.310849E-01   0.117166E-01   0.224413E-01   0.263643E-01   0.950794E-02   0.191895E-01   0.682840E-01   0.417553E-01
   0.329850E+02   0.302000E+01   0.103218E+02   0.725457E+00   0.317420E-01   0.118549E-01   0.227577E-01   0.291637E-01   0.108909E-01   0.210898E-01   0.244305E-01   0.873007E-02   0.178602E-01   0.681585E-01   0.418891E-01
   0.329850E+02   0.304000E+01   0.103901E+02   0.732193E+00   0.298274E-01   0.110387E-01   0.214155E-01   0.273136E-01   0.101073E-01   0.197924E-01   0.225796E-01   0.799690E-02   0.165915E-01   0.680500E-01   0.420410E-01
   0.329850E+02   0.306000E+01   0.104585E+02   0.738964E+00   0.279792E-01   0.102625E-01   0.201246E-01   0.255341E-01   0.936456E-02   0.185485E-01   0.208112E-01   0.730713E-02   0.153827E-01   0.679591E-01   0.422174E-01
   0.329850E+02   0.308000E+01   0.105268E+02   0.745772E+00   0.261974E-01   0.952507E-02   0.188844E-01   0.238251E-01   0.866144E-02   0.173573E-01   0.191252E-01   0.665927E-02   0.142329E-01   0.678864E-01   0.424265E-01
   0.329850E+02   0.310000E+01   0.105952E+02   0.752616E+00   0.244821E-01   0.882530E-02   0.176946E-01   0.221864E-01   0.799663E-02   0.162184E-01   0.175218E-01   0.605184E-02   0.131415E-01   0.678326E-01   0.426794E-01
   0.329850E+02   0.312000E+01   0.106636E+02   0.759496E+00   0.228330E-01   0.816223E-02   0.165543E-01   0.206171E-01   0.736903E-02   0.151305E-01   0.159998E-01   0.548359E-02   0.121072E-01   0.677986E-01   0.429903E-01
   0.329850E+02   0.314000E+01   0.107319E+02   0.766413E+00   0.212499E-01   0.753474E-02   0.154628E-01   0.191169E-01   0.677739E-02   0.140928E-01   0.145587E-01   0.495311E-02   0.111288E-01   0.677851E-01   0.433774E-01
   0.329850E+02   0.316000E+01   0.108003E+02   0.773368E+00   0.197329E-01   0.694144E-02   0.144193E-01   0.176853E-01   0.622015E-02   0.131042E-01   0.131985E-01   0.445870E-02   0.102054E-01   0.677933E-01   0.438631E-01
   0.329850E+02   0.318000E+01   0.108686E+02   0.780360E+00   0.182812E-01   0.638151E-02   0.134231E-01   0.163213E-01   0.569638E-02   0.121638E-01   0.119176E-01   0.399922E-02   0.933564E-02   0.678244E-01   0.444746E-01
   0.329850E+02   0.320000E+01   0.109370E+02   0.787389E+00   0.168946E-01   0.585389E-02   0.124733E-01   0.150242E-01   0.520488E-02   0.112705E-01   0.107149E-01   0.357326E-02   0.851812E-02   0.678795E-01   0.452435E-01
   0.329850E+02   0.322000E+01   0.110053E+02   0.794457E+00   0.155726E-01   0.535728E-02   0.115688E-01   0.137931E-01   0.474422E-02   0.104229E-01   0.958949E-02   0.317911E-02   0.775147E-02   0.679601E-01   0.462042E-01
   0.329850E+02   0.324000E+01   0.110737E+02   0.801563E+00   0.143146E-01   0.489070E-02   0.107088E-01   0.126270E-01   0.431330E-02   0.962013E-02   0.853996E-02   0.281558E-02   0.703437E-02   0.680680E-01   0.473930E-01
   0.329850E+02   0.326000E+01   0.111420E+02   0.808708E+00   0.131198E-01   0.445317E-02   0.989275E-02   0.115248E-01   0.391105E-02   0.886127E-02   0.756464E-02   0.248149E-02   0.636547E-02   0.682050E-01   0.488442E-01
   0.329850E+02   0.328000E+01   0.112104E+02   0.815892E+00   0.119876E-01   0.404347E-02   0.911976E-02   0.104854E-01   0.353611E-02   0.814523E-02   0.666221E-02   0.217543E-02   0.574336E-02   0.683732E-01   0.505866E-01
   0.329850E+02   0.330000E+01   0.112788E+02   0.823115E+00   0.109171E-01   0.366049E-02   0.838893E-02   0.950757E-02   0.318725E-02   0.747090E-02   0.583097E-02   0.189603E-02   0.516656E-02   0.685751E-01   0.526396E-01
   0.329850E+02   0.332000E+01   0.113471E+02   0.830378E+00   0.990744E-02   0.330338E-02   0.769933E-02   0.858995E-02   0.286355E-02   0.683714E-02   0.506856E-02   0.164213E-02   0.463342E-02   0.688136E-01   0.550090E-01
   0.329850E+02   0.334000E+01   0.114155E+02   0.837681E+00   0.895760E-02   0.297103E-02   0.704999E-02   0.773124E-02   0.256379E-02   0.624277E-02   0.437294E-02   0.141233E-02   0.414231E-02   0.690918E-01   0.576848E-01
   0.329850E+02   0.336000E+01   0.114838E+02   0.845025E+00   0.806666E-02   0.266227E-02   0.643988E-02   0.693004E-02   0.228671E-02   0.568654E-02   0.374205E-02   0.120514E-02   0.369156E-02   0.694134E-01   0.606407E-01
   0.329850E+02   0.338000E+01   0.115522E+02   0.852409E+00   0.723334E-02   0.237635E-02   0.586785E-02   0.618477E-02   0.203149E-02   0.516717E-02   0.317314E-02   0.101960E-02   0.327935E-02   0.697828E-01   0.638348E-01
   0.329850E+02   0.340000E+01   0.116205E+02   0.859834E+00   0.645645E-02   0.211230E-02   0.533271E-02   0.549385E-02   0.179706E-02   0.468331E-02   0.266366E-02   0.854447E-03   0.290380E-02   0.702049E-01   0.672134E-01
   0.329850E+02   0.342000E+01   0.116889E+02   0.867300E+00   0.573471E-02   0.186893E-02   0.483306E-02   0.485559E-02   0.158215E-02   0.423335E-02   0.221115E-02   0.708240E-03   0.256289E-02   0.706856E-01   0.707155E-01
   0.329850E+02   0.344000E+01   0.117573E+02   0.874808E+00   0.506661E-02   0.164552E-02   0.436798E-02   0.426823E-02   0.138598E-02   0.381628E-02   0.181243E-02   0.580009E-03   0.225493E-02   0.712318E-01   0.742778E-01
   0.329850E+02   0.346000E+01   0.118256E+02   0.882358E+00   0.445061E-02   0.144110E-02   0.393630E-02   0.372995E-02   0.120757E-02   0.343078E-02   0.146449E-02   0.468551E-03   0.197804E-02   0.718515E-01   0.778400E-01
   0.329850E+02   0.348000E+01   0.118940E+02   0.889951E+00   0.388513E-02   0.125445E-02   0.353676E-02   0.323875E-02   0.104559E-02   0.307540E-02   0.116431E-02   0.372456E-03   0.173010E-02   0.725543E-01   0.813491E-01
   0.329850E+02   0.350000E+01   0.119623E+02   0.897586E+00   0.336848E-02   0.108500E-02   0.316813E-02   0.279281E-02   0.899451E-03   0.274888E-02   0.908496E-03   0.290741E-03   0.150936E-02   0.733516E-01   0.847631E-01
   0.329850E+02   0.352000E+01   0.120307E+02   0.905264E+00   0.289887E-02   0.931888E-03   0.282911E-02   0.239011E-02   0.768259E-03   0.244985E-02   0.693646E-03   0.222229E-03   0.131386E-02   0.742573E-01   0.880532E-01
   0.329850E+02   0.354000E+01   0.120990E+02   0.912986E+00   0.247443E-02   0.794102E-03   0.251820E-02   0.202845E-02   0.650914E-03   0.217665E-02   0.516179E-03   0.165562E-03   0.114129E-02   0.752880E-01   0.912049E-01
   0.329850E+02   0.356000E+01   0.121674E+02   0.920752E+00   0.209324E-02   0.670928E-03   0.223419E-02   0.170586E-02   0.546721E-03   0.192811E-02   0.372641E-03   0.119717E-03   0.990035E-03   0.764639E-01   0.942188E-01
   0.329850E+02   0.358000E+01   0.122357E+02   0.928562E+00   0.175328E-02   0.561532E-03   0.197572E-02   0.142020E-02   0.454833E-03   0.170283E-02   0.259411E-03   0.835331E-04   0.858234E-03   0.778100E-01   0.971108E-01
   0.329850E+02   0.360000E+01   0.123041E+02   0.936416E+00   0.145240E-02   0.464907E-03   0.174120E-02   0.116905E-02   0.374199E-03   0.149916E-02   0.172755E-03   0.557660E-04   0.743529E-03   0.793568E-01   0.999126E-01
   0.329850E+02   0.362000E+01   0.123725E+02   0.944316E+00   0.118844E-02   0.380357E-03   0.152941E-02   0.950370E-03   0.304162E-03   0.131593E-02   0.108838E-03   0.352325E-04   0.644548E-03   0.811423E-01   0.102672E+00
   0.329850E+02   0.364000E+01   0.124408E+02   0.952261E+00   0.959136E-03   0.307067E-03   0.133899E-02   0.761885E-03   0.243924E-03   0.115180E-02   0.637265E-04   0.206935E-04   0.559596E-03   0.832139E-01   0.105457E+00
   0.329850E+02   0.366000E+01   0.125092E+02   0.960252E+00   0.771600E-03   0.247151E-03   0.119655E-02   0.608184E-03   0.194817E-03   0.102950E-02   0.313383E-04   0.102246E-04   0.498672E-03   0.856306E-01   0.108357E+00
   0.329850E+02   0.368000E+01   0.125775E+02   0.968289E+00   0.607123E-03   0.194624E-03   0.105299E-02   0.474896E-03   0.152247E-03   0.906626E-03   0.109789E-04   0.361090E-05   0.440021E-03   0.884652E-01   0.111487E+00
   0.329850E+02   0.370000E+01   0.126459E+02   0.976372E+00   0.455057E-03   0.146033E-03   0.881279E-03   0.353513E-03   0.113458E-03   0.759618E-03   0.306604E-06   0.115033E-06   0.370831E-03   0.918062E-01   0.115001E+00
   0.329850E+02   0.372000E+01   0.127142E+02   0.984503E+00   0.305914E-03   0.982955E-04   0.656683E-03   0.236328E-03   0.759475E-04   0.566810E-03   0.000000E+00   0.000000E+00   0.279037E-03   0.957566E-01   0.119088E+00
   0.329850E+02   0.374000E+01   0.127826E+02   0.992680E+00   0.150576E-03   0.484485E-04   0.354443E-03   0.115865E-03   0.372874E-04   0.306411E-03   0.000000E+00   0.000000E+00   0.152329E-03   0.100423E+00   0.123976E+00
